2884
PAINT_SQUARE 72 489 22
PAINT_SQUARE 74 488 21
PAINT_SQUARE 71 494 21
PAINT_SQUARE 66 505 15
PAINT_SQUARE 24 764 15
PAINT_SQUARE 132 33 14
PAINT_SQUARE 134 34 13
PAINT_SQUARE 83 493 13
PAINT_SQUARE 68 508 13
PAINT_SQUARE 66 423 13
PAINT_SQUARE 66 350 13
PAINT_SQUARE 66 427 12
PAINT_SQUARE 66 354 12
PAINT_SQUARE 137 35 11
PAINT_SQUARE 66 429 11
PAINT_SQUARE 66 356 11
PAINT_SQUARE 139 38 10
PAINT_SQUARE 66 359 10
PAINT_SQUARE 65 281 10
PAINT_SQUARE 141 40 9
PAINT_SQUARE 119 131 9
PAINT_SQUARE 84 758 9
PAINT_SQUARE 80 508 9
PAINT_SQUARE 67 433 9
PAINT_SQUARE 66 361 9
PAINT_SQUARE 64 285 9
PAINT_SQUARE 143 42 8
PAINT_SQUARE 88 760 8
PAINT_SQUARE 79 511 8
PAINT_SQUARE 78 775 8
PAINT_SQUARE 75 513 8
PAINT_SQUARE 66 363 8
PAINT_SQUARE 63 288 8
PAINT_SQUARE 62 145 8
PAINT_SQUARE 62 57 8
PAINT_SQUARE 51 208 8
PAINT_SQUARE 145 44 7
PAINT_SQUARE 127 481 7
PAINT_SQUARE 122 117 7
PAINT_SQUARE 121 135 7
PAINT_SQUARE 78 513 7
PAINT_SQUARE 72 537 7
PAINT_SQUARE 67 436 7
PAINT_SQUARE 66 437 7
PAINT_SQUARE 63 59 7
PAINT_SQUARE 62 291 7
PAINT_SQUARE 61 315 7
PAINT_SQUARE 59 538 7
PAINT_SQUARE 59 209 7
PAINT_SQUARE 38 147 7
PAINT_SQUARE 38 74 7
PAINT_SQUARE 149 67 6
PAINT_SQUARE 148 216 6
PAINT_SQUARE 134 700 6
PAINT_SQUARE 93 762 6
PAINT_SQUARE 89 779 6
PAINT_SQUARE 76 538 6
PAINT_SQUARE 66 366 6
PAINT_SQUARE 65 440 6
PAINT_SQUARE 65 316 6
PAINT_SQUARE 64 12 6
PAINT_SQUARE 62 388 6
PAINT_SQUARE 62 210 6
PAINT_SQUARE 61 559 6
PAINT_SQUARE 61 389 6
PAINT_SQUARE 61 294 6
PAINT_SQUARE 58 593 6
PAINT_SQUARE 45 536 6
PAINT_SQUARE 45 211 6
PAINT_SQUARE 44 212 6
PAINT_SQUARE 43 213 6
PAINT_SQUARE 43 93 6
PAINT_SQUARE 40 537 6
PAINT_SQUARE 148 46 5
PAINT_SQUARE 147 48 5
PAINT_SQUARE 136 703 5
PAINT_SQUARE 126 177 5
PAINT_SQUARE 125 180 5
PAINT_SQUARE 120 209 5
PAINT_SQUARE 93 779 5
PAINT_SQUARE 92 499 5
PAINT_SQUARE 87 765 5
PAINT_SQUARE 75 540 5
PAINT_SQUARE 75 354 5
PAINT_SQUARE 72 281 5
PAINT_SQUARE 72 29 5
PAINT_SQUARE 71 562 5
PAINT_SQUARE 70 563 5
PAINT_SQUARE 70 12 5
PAINT_SQUARE 69 317 5
PAINT_SQUARE 67 390 5
PAINT_SQUARE 66 368 5
PAINT_SQUARE 65 211 5
PAINT_SQUARE 61 461 5
PAINT_SQUARE 60 296 5
PAINT_SQUARE 58 597 5
PAINT_SQUARE 58 561 5
PAINT_SQUARE 58 391 5
PAINT_SQUARE 42 215 5
PAINT_SQUARE 41 217 5
PAINT_SQUARE 39 539 5
PAINT_SQUARE 153 785 4
PAINT_SQUARE 153 211 4
PAINT_SQUARE 150 52 4
PAINT_SQUARE 143 794 4
PAINT_SQUARE 137 210 4
PAINT_SQUARE 127 490 4
PAINT_SQUARE 125 185 4
PAINT_SQUARE 123 190 4
PAINT_SQUARE 114 420 4
PAINT_SQUARE 107 44 4
PAINT_SQUARE 95 16 4
PAINT_SQUARE 94 493 4
PAINT_SQUARE 87 767 4
PAINT_SQUARE 78 350 4
PAINT_SQUARE 77 597 4
PAINT_SQUARE 77 426 4
PAINT_SQUARE 77 353 4
PAINT_SQUARE 77 269 4
PAINT_SQUARE 76 428 4
PAINT_SQUARE 76 274 4
PAINT_SQUARE 75 277 4
PAINT_SQUARE 74 564 4
PAINT_SQUARE 74 278 4
PAINT_SQUARE 72 392 4
PAINT_SQUARE 72 318 4
PAINT_SQUARE 72 55 4
PAINT_SQUARE 70 215 4
PAINT_SQUARE 67 462 4
PAINT_SQUARE 66 19 4
PAINT_SQUARE 65 443 4
PAINT_SQUARE 65 150 4
PAINT_SQUARE 59 602 4
PAINT_SQUARE 59 151 4
PAINT_SQUARE 57 394 4
PAINT_SQUARE 57 319 4
PAINT_SQUARE 56 565 4
PAINT_SQUARE 56 395 4
PAINT_SQUARE 56 321 4
PAINT_SQUARE 50 30 4
PAINT_SQUARE 48 43 4
PAINT_SQUARE 47 44 4
PAINT_SQUARE 46 4 4
PAINT_SQUARE 44 63 4
PAINT_SQUARE 40 219 4
PAINT_SQUARE 39 221 4
PAINT_SQUARE 38 226 4
PAINT_SQUARE 37 229 4
PAINT_SQUARE 36 232 4
PAINT_SQUARE 154 796 3
PAINT_SQUARE 154 247 3
PAINT_SQUARE 153 787 3
PAINT_SQUARE 153 621 3
PAINT_SQUARE 153 213 3
PAINT_SQUARE 151 223 3
PAINT_SQUARE 150 224 3
PAINT_SQUARE 147 792 3
PAINT_SQUARE 142 125 3
PAINT_SQUARE 141 126 3
PAINT_SQUARE 138 706 3
PAINT_SQUARE 138 672 3
PAINT_SQUARE 138 523 3
PAINT_SQUARE 138 516 3
PAINT_SQUARE 138 130 3
PAINT_SQUARE 137 482 3
PAINT_SQUARE 137 366 3
PAINT_SQUARE 137 131 3
PAINT_SQUARE 136 11 3
PAINT_SQUARE 132 486 3
PAINT_SQUARE 131 377 3
PAINT_SQUARE 130 687 3
PAINT_SQUARE 130 644 3
PAINT_SQUARE 129 689 3
PAINT_SQUARE 129 6 3
PAINT_SQUARE 128 796 3
PAINT_SQUARE 126 167 3
PAINT_SQUARE 124 168 3
PAINT_SQUARE 116 98 3
PAINT_SQUARE 114 328 3
PAINT_SQUARE 110 45 3
PAINT_SQUARE 105 351 3
PAINT_SQUARE 100 317 3
PAINT_SQUARE 97 12 3
PAINT_SQUARE 95 784 3
PAINT_SQUARE 95 482 3
PAINT_SQUARE 94 485 3
PAINT_SQUARE 93 475 3
PAINT_SQUARE 86 783 3
PAINT_SQUARE 80 415 3
PAINT_SQUARE 80 345 3
PAINT_SQUARE 80 255 3
PAINT_SQUARE 79 732 3
PAINT_SQUARE 79 590 3
PAINT_SQUARE 79 421 3
PAINT_SQUARE 79 262 3
PAINT_SQUARE 79 248 3
PAINT_SQUARE 78 571 3
PAINT_SQUARE 78 238 3
PAINT_SQUARE 77 399 3
PAINT_SQUARE 77 229 3
PAINT_SQUARE 76 781 3
PAINT_SQUARE 76 603 3
PAINT_SQUARE 76 323 3
PAINT_SQUARE 76 231 3
PAINT_SQUARE 76 82 3
PAINT_SQUARE 75 543 3
PAINT_SQUARE 75 222 3
PAINT_SQUARE 74 392 3
PAINT_SQUARE 74 54 3
PAINT_SQUARE 72 463 3
PAINT_SQUARE 69 58 3
PAINT_SQUARE 65 580 3
PAINT_SQUARE 65 371 3
PAINT_SQUARE 63 779 3
PAINT_SQUARE 59 604 3
PAINT_SQUARE 59 299 3
PAINT_SQUARE 58 267 3
PAINT_SQUARE 58 260 3
PAINT_SQUARE 55 399 3
PAINT_SQUARE 55 324 3
PAINT_SQUARE 54 571 3
PAINT_SQUARE 54 403 3
PAINT_SQUARE 54 327 3
PAINT_SQUARE 53 583 3
PAINT_SQUARE 53 576 3
PAINT_SQUARE 53 406 3
PAINT_SQUARE 53 333 3
PAINT_SQUARE 48 3 3
PAINT_SQUARE 42 6 3
PAINT_SQUARE 38 279 3
PAINT_SQUARE 37 763 3
PAINT_SQUARE 36 604 3
PAINT_SQUARE 36 269 3
PAINT_SQUARE 35 262 3
PAINT_SQUARE 35 255 3
PAINT_SQUARE 35 244 3
PAINT_SQUARE 35 237 3
PAINT_SQUARE 34 248 3
PAINT_SQUARE 155 754 2
PAINT_SQUARE 155 621 2
PAINT_SQUARE 153 656 2
PAINT_SQUARE 152 657 2
PAINT_SQUARE 152 570 2
PAINT_SQUARE 152 88 2
PAINT_SQUARE 151 789 2
PAINT_SQUARE 151 756 2
PAINT_SQUARE 151 644 2
PAINT_SQUARE 151 564 2
PAINT_SQUARE 151 377 2
PAINT_SQUARE 150 790 2
PAINT_SQUARE 150 410 2
PAINT_SQUARE 150 379 2
PAINT_SQUARE 150 104 2
PAINT_SQUARE 150 56 2
PAINT_SQUARE 149 565 2
PAINT_SQUARE 149 381 2
PAINT_SQUARE 148 757 2
PAINT_SQUARE 148 247 2
PAINT_SQUARE 148 180 2
PAINT_SQUARE 148 151 2
PAINT_SQUARE 148 109 2
PAINT_SQUARE 147 794 2
PAINT_SQUARE 147 671 2
PAINT_SQUARE 147 656 2
PAINT_SQUARE 147 113 2
PAINT_SQUARE 146 758 2
PAINT_SQUARE 146 673 2
PAINT_SQUARE 146 228 2
PAINT_SQUARE 146 119 2
PAINT_SQUARE 145 674 2
PAINT_SQUARE 145 627 2
PAINT_SQUARE 145 120 2
PAINT_SQUARE 144 797 2
PAINT_SQUARE 144 630 2
PAINT_SQUARE 144 572 2
PAINT_SQUARE 144 223 2
PAINT_SQUARE 143 100 2
PAINT_SQUARE 143 95 2
PAINT_SQUARE 141 762 2
PAINT_SQUARE 141 415 2
PAINT_SQUARE 141 373 2
PAINT_SQUARE 140 763 2
PAINT_SQUARE 140 706 2
PAINT_SQUARE 140 671 2
PAINT_SQUARE 140 525 2
PAINT_SQUARE 140 128 2
PAINT_SQUARE 140 16 2
PAINT_SQUARE 139 112 2
PAINT_SQUARE 138 526 2
PAINT_SQUARE 138 113 2
PAINT_SQUARE 137 797 2
PAINT_SQUARE 137 600 2
PAINT_SQUARE 137 406 2
PAINT_SQUARE 136 674 2
PAINT_SQUARE 136 213 2
PAINT_SQUARE 136 133 2
PAINT_SQUARE 135 676 2
PAINT_SQUARE 135 134 2
PAINT_SQUARE 134 486 2
PAINT_SQUARE 134 408 2
PAINT_SQUARE 134 371 2
PAINT_SQUARE 133 506 2
PAINT_SQUARE 133 411 2
PAINT_SQUARE 133 135 2
PAINT_SQUARE 132 136 2
PAINT_SQUARE 132 70 2
PAINT_SQUARE 132 5 2
PAINT_SQUARE 131 138 2
PAINT_SQUARE 130 254 2
PAINT_SQUARE 130 212 2
PAINT_SQUARE 130 88 2
PAINT_SQUARE 130 10 2
PAINT_SQUARE 129 417 2
PAINT_SQUARE 129 213 2
PAINT_SQUARE 129 139 2
PAINT_SQUARE 125 614 2
PAINT_SQUARE 124 71 2
PAINT_SQUARE 123 500 2
PAINT_SQUARE 121 213 2
PAINT_SQUARE 120 678 2
PAINT_SQUARE 120 672 2
PAINT_SQUARE 120 493 2
PAINT_SQUARE 119 46 2
PAINT_SQUARE 118 631 2
PAINT_SQUARE 118 100 2
PAINT_SQUARE 117 632 2
PAINT_SQUARE 116 250 2
PAINT_SQUARE 115 424 2
PAINT_SQUARE 115 407 2
PAINT_SQUARE 115 369 2
PAINT_SQUARE 115 251 2
PAINT_SQUARE 114 252 2
PAINT_SQUARE 113 256 2
PAINT_SQUARE 112 70 2
PAINT_SQUARE 112 45 2
PAINT_SQUARE 107 349 2
PAINT_SQUARE 105 797 2
PAINT_SQUARE 105 2 2
PAINT_SQUARE 104 443 2
PAINT_SQUARE 102 70 2
PAINT_SQUARE 101 362 2
PAINT_SQUARE 101 293 2
PAINT_SQUARE 101 71 2
PAINT_SQUARE 100 796 2
PAINT_SQUARE 100 757 2
PAINT_SQUARE 100 420 2
PAINT_SQUARE 100 331 2
PAINT_SQUARE 100 207 2
PAINT_SQUARE 97 211 2
PAINT_SQUARE 97 51 2
PAINT_SQUARE 97 19 2
PAINT_SQUARE 96 767 2
PAINT_SQUARE 96 704 2
PAINT_SQUARE 96 212 2
PAINT_SQUARE 95 796 2
PAINT_SQUARE 95 706 2
PAINT_SQUARE 95 475 2
PAINT_SQUARE 93 797 2
PAINT_SQUARE 93 70 2
PAINT_SQUARE 92 738 2
PAINT_SQUARE 90 701 2
PAINT_SQUARE 90 464 2
PAINT_SQUARE 88 796 2
PAINT_SQUARE 88 60 2
PAINT_SQUARE 86 797 2
PAINT_SQUARE 86 729 2
PAINT_SQUARE 85 770 2
PAINT_SQUARE 85 743 2
PAINT_SQUARE 84 65 2
PAINT_SQUARE 82 74 2
PAINT_SQUARE 81 796 2
PAINT_SQUARE 81 409 2
PAINT_SQUARE 80 722 2
PAINT_SQUARE 80 577 2
PAINT_SQUARE 80 331 2
PAINT_SQUARE 80 241 2
PAINT_SQUARE 80 78 2
PAINT_SQUARE 79 797 2
PAINT_SQUARE 79 584 2
PAINT_SQUARE 79 579 2
PAINT_SQUARE 79 400 2
PAINT_SQUARE 79 339 2
PAINT_SQUARE 79 334 2
PAINT_SQUARE 78 404 2
PAINT_SQUARE 78 324 2
PAINT_SQUARE 78 242 2
PAINT_SQUARE 77 786 2
PAINT_SQUARE 77 326 2
PAINT_SQUARE 76 605 2
PAINT_SQUARE 76 393 2
PAINT_SQUARE 75 743 2
PAINT_SQUARE 74 796 2
PAINT_SQUARE 74 463 2
PAINT_SQUARE 74 13 2
PAINT_SQUARE 73 656 2
PAINT_SQUARE 73 216 2
PAINT_SQUARE 72 657 2
PAINT_SQUARE 71 58 2
PAINT_SQUARE 69 796 2
PAINT_SQUARE 69 737 2
PAINT_SQUARE 69 218 2
PAINT_SQUARE 67 719 2
PAINT_SQUARE 67 571 2
PAINT_SQUARE 66 574 2
PAINT_SQUARE 66 446 2
PAINT_SQUARE 64 741 2
PAINT_SQUARE 64 585 2
PAINT_SQUARE 63 782 2
PAINT_SQUARE 63 593 2
PAINT_SQUARE 62 788 2
PAINT_SQUARE 62 758 2
PAINT_SQUARE 62 153 2
PAINT_SQUARE 60 608 2
PAINT_SQUARE 58 676 2
PAINT_SQUARE 51 43 2
PAINT_SQUARE 48 90 2
PAINT_SQUARE 47 62 2
PAINT_SQUARE 44 33 2
PAINT_SQUARE 42 729 2
PAINT_SQUARE 42 649 2
PAINT_SQUARE 40 543 2
PAINT_SQUARE 38 671 2
PAINT_SQUARE 38 282 2
PAINT_SQUARE 38 272 2
PAINT_SQUARE 37 673 2
PAINT_SQUARE 36 273 2
PAINT_SQUARE 35 778 2
PAINT_SQUARE 31 610 2
PAINT_SQUARE 30 778 2
PAINT_SQUARE 28 616 2
PAINT_SQUARE 25 778 2
PAINT_SQUARE 25 661 2
PAINT_SQUARE 25 622 2
PAINT_SQUARE 23 779 2
PAINT_SQUARE 22 628 2
PAINT_SQUARE 20 232 2
PAINT_SQUARE 18 778 2
PAINT_SQUARE 13 778 2
PAINT_SQUARE 4 740 2
PAINT_SQUARE 4 696 2
PAINT_SQUARE 3 741 2
PAINT_SQUARE 3 642 2
PAINT_LINE 5 406 5 673
PAINT_LINE 45 0 45 155
PAINT_LINE 0 518 0 643
PAINT_LINE 40 668 40 776
PAINT_LINE 31 39 31 139
PAINT_LINE 70 38 70 136
PAINT_LINE 1 419 1 515
PAINT_LINE 39 666 39 748
PAINT_LINE 4 546 4 625
PAINT_LINE 76 215 76 289
PAINT_LINE 62 39 62 112
PAINT_LINE 119 83 119 153
PAINT_LINE 46 84 46 154
PAINT_LINE 38 218 38 287
PAINT_LINE 37 219 37 287
PAINT_LINE 78 219 78 284
PAINT_LINE 141 89 141 153
PAINT_LINE 128 89 128 153
PAINT_LINE 150 88 150 148
PAINT_LINE 85 71 142 71
PAINT_LINE 77 559 77 611
PAINT_LINE 77 389 77 441
PAINT_LINE 77 316 77 368
PAINT_LINE 91 72 142 72
PAINT_LINE 56 391 56 442
PAINT_LINE 58 253 58 303
PAINT_LINE 105 47 154 47
PAINT_LINE 93 464 93 513
PAINT_LINE 78 560 78 609
PAINT_LINE 78 391 78 440
PAINT_LINE 78 318 78 367
PAINT_LINE 57 254 57 303
PAINT_LINE 106 46 154 46
PAINT_LINE 52 473 52 521
PAINT_LINE 34 228 34 276
PAINT_LINE 34 531 81 531
PAINT_LINE 7 696 7 743
PAINT_LINE 134 448 134 494
PAINT_LINE 63 798 108 798
PAINT_LINE 51 507 96 507
PAINT_LINE 50 510 95 510
PAINT_LINE 79 319 79 364
PAINT_LINE 64 797 108 797
PAINT_LINE 64 796 108 796
PAINT_LINE 54 561 54 605
PAINT_LINE 79 564 79 607
PAINT_LINE 157 752 157 792
PAINT_LINE 127 164 127 204
PAINT_LINE 50 516 90 516
PAINT_LINE 80 322 80 362
PAINT_LINE 80 566 80 605
PAINT_LINE 6 694 6 733
PAINT_LINE 66 554 66 592
PAINT_LINE 153 61 153 98
PAINT_LINE 51 518 88 518
PAINT_LINE 80 396 80 433
PAINT_LINE 147 21 147 57
PAINT_LINE 141 492 141 528
PAINT_LINE 67 553 67 589
PAINT_LINE 62 0 62 36
PAINT_LINE 52 324 52 360
PAINT_LINE 111 640 111 674
PAINT_LINE 103 657 103 691
PAINT_LINE 133 629 133 662
PAINT_LINE 129 101 129 134
PAINT_LINE 52 399 52 432
PAINT_LINE 126 164 126 196
PAINT_LINE 85 41 85 73
PAINT_LINE 150 29 150 60
PAINT_LINE 112 252 143 252
PAINT_LINE 77 799 108 799
PAINT_LINE 86 37 86 68
PAINT_LINE 84 756 84 787
PAINT_LINE 42 210 73 210
PAINT_LINE 70 5 70 36
PAINT_LINE 32 236 32 267
PAINT_LINE 135 483 135 512
PAINT_LINE 125 166 125 195
PAINT_LINE 43 209 72 209
PAINT_LINE 62 582 62 611
PAINT_LINE 9 780 38 780
PAINT_LINE 142 761 142 789
PAINT_LINE 44 208 72 208
PAINT_LINE 51 328 51 356
PAINT_LINE 0 458 0 486
PAINT_LINE 155 54 155 81
PAINT_LINE 151 33 151 60
PAINT_LINE 141 206 141 233
PAINT_LINE 134 356 134 383
PAINT_LINE 107 57 134 57
PAINT_LINE 88 762 88 789
PAINT_LINE 44 207 71 207
PAINT_LINE 51 570 51 597
PAINT_LINE 128 164 128 190
PAINT_LINE 92 746 92 772
PAINT_LINE 53 395 79 395
PAINT_LINE 64 574 64 600
PAINT_LINE 51 403 51 429
PAINT_LINE 32 5 32 31
PAINT_LINE 152 35 152 60
PAINT_LINE 146 158 146 183
PAINT_LINE 54 394 79 394
PAINT_LINE 74 211 74 236
PAINT_LINE 106 1 130 1
PAINT_LINE 114 640 114 664
PAINT_LINE 110 644 110 668
PAINT_LINE 54 466 78 466
PAINT_LINE 72 208 72 232
PAINT_LINE 69 554 69 578
PAINT_LINE 98 765 98 788
PAINT_LINE 96 12 96 35
PAINT_LINE 55 465 78 465
PAINT_LINE 61 589 61 612
PAINT_LINE 39 216 39 239
PAINT_LINE 47 205 69 205
PAINT_LINE 148 103 148 124
PAINT_LINE 135 356 135 377
PAINT_LINE 120 123 120 144
PAINT_LINE 112 245 112 266
PAINT_LINE 94 69 94 90
PAINT_LINE 88 727 88 748
PAINT_LINE 82 720 82 741
PAINT_LINE 56 464 77 464
PAINT_LINE 76 349 76 370
PAINT_LINE 74 271 74 292
PAINT_LINE 71 207 71 228
PAINT_LINE 37 530 58 530
PAINT_LINE 39 265 39 286
PAINT_LINE 120 253 140 253
PAINT_LINE 133 67 133 87
PAINT_LINE 107 0 127 0
PAINT_LINE 80 768 100 768
PAINT_LINE 82 575 82 595
PAINT_LINE 57 463 77 463
PAINT_LINE 76 591 76 611
PAINT_LINE 76 557 76 577
PAINT_LINE 70 206 70 226
PAINT_LINE 62 116 62 136
PAINT_LINE 57 424 57 444
PAINT_LINE 31 0 31 20
PAINT_LINE 7 185 7 205
PAINT_LINE 96 751 96 770
PAINT_LINE 66 794 85 794
PAINT_LINE 75 352 75 371
PAINT_LINE 72 276 72 295
PAINT_LINE 70 554 70 573
PAINT_LINE 48 203 67 203
PAINT_LINE 0 489 0 508
PAINT_LINE 154 210 154 228
PAINT_LINE 152 83 152 101
PAINT_LINE 140 511 140 529
PAINT_LINE 137 512 137 530
PAINT_LINE 114 2 132 2
PAINT_LINE 108 212 126 212
PAINT_LINE 98 9 98 27
PAINT_LINE 97 11 97 29
PAINT_LINE 83 2 83 20
PAINT_LINE 76 314 76 332
PAINT_LINE 57 443 75 443
PAINT_LINE 57 313 75 313
PAINT_LINE 69 205 69 223
PAINT_LINE 68 204 68 222
PAINT_LINE 49 545 67 545
PAINT_LINE 60 594 60 612
PAINT_LINE 50 575 50 593
PAINT_LINE 40 607 40 625
PAINT_LINE 145 86 145 103
PAINT_LINE 145 38 145 55
PAINT_LINE 139 512 139 529
PAINT_LINE 138 513 138 530
PAINT_LINE 113 56 130 56
PAINT_LINE 99 7 99 24
PAINT_LINE 60 58 77 58
PAINT_LINE 58 387 75 387
PAINT_LINE 74 556 74 573
PAINT_LINE 57 444 74 444
PAINT_LINE 73 210 73 227
PAINT_LINE 67 762 67 779
PAINT_LINE 65 202 65 219
PAINT_LINE 34 543 51 543
PAINT_LINE 48 203 48 220
PAINT_LINE 44 207 44 224
PAINT_LINE 141 507 157 507
PAINT_LINE 145 649 145 665
PAINT_LINE 139 470 139 486
PAINT_LINE 118 139 134 139
PAINT_LINE 111 251 127 251
PAINT_LINE 99 756 99 772
PAINT_LINE 97 404 97 420
PAINT_LINE 87 730 87 746
PAINT_LINE 79 530 79 546
PAINT_LINE 60 60 76 60
PAINT_LINE 59 556 75 556
PAINT_LINE 75 387 75 403
PAINT_LINE 73 556 73 572
PAINT_LINE 73 356 73 372
PAINT_LINE 70 282 70 298
PAINT_LINE 64 202 64 218
PAINT_LINE 63 201 63 217
PAINT_LINE 62 432 62 448
PAINT_LINE 58 557 58 573
PAINT_LINE 58 429 58 445
PAINT_LINE 58 387 58 403
PAINT_LINE 58 312 58 328
PAINT_LINE 47 205 47 221
PAINT_LINE 17 641 17 657
PAINT_LINE 141 506 156 506
PAINT_LINE 146 76 146 91
PAINT_LINE 129 601 144 601
PAINT_LINE 128 706 143 706
PAINT_LINE 140 405 140 420
PAINT_LINE 124 254 139 254
PAINT_LINE 136 406 136 421
PAINT_LINE 134 406 134 421
PAINT_LINE 117 499 132 499
PAINT_LINE 129 137 129 152
PAINT_LINE 122 670 122 685
PAINT_LINE 102 236 117 236
PAINT_LINE 110 412 110 427
PAINT_LINE 102 649 102 664
PAINT_LINE 91 757 91 772
PAINT_LINE 87 39 87 54
PAINT_LINE 84 80 84 95
PAINT_LINE 84 7 84 22
PAINT_LINE 82 66 82 81
PAINT_LINE 66 567 81 567
PAINT_LINE 75 594 75 609
PAINT_LINE 59 386 74 386
PAINT_LINE 74 312 74 327
PAINT_LINE 58 445 73 445
PAINT_LINE 72 358 72 373
PAINT_LINE 69 746 69 761
PAINT_LINE 68 753 68 768
PAINT_LINE 66 771 66 786
PAINT_LINE 59 386 59 401
PAINT_LINE 59 311 59 326
PAINT_LINE 57 593 57 608
PAINT_LINE 53 202 53 217
PAINT_LINE 50 409 50 424
PAINT_LINE 50 336 50 351
PAINT_LINE 31 81 46 81
PAINT_LINE 40 270 40 285
PAINT_LINE 0 12 0 27
PAINT_LINE 154 46 154 60
PAINT_LINE 147 70 147 84
PAINT_LINE 144 40 144 54
PAINT_LINE 129 707 143 707
PAINT_LINE 139 404 139 418
PAINT_LINE 139 219 139 233
PAINT_LINE 121 58 135 58
PAINT_LINE 134 68 134 82
PAINT_LINE 132 658 132 672
PAINT_LINE 118 500 132 500
PAINT_LINE 118 493 132 493
PAINT_LINE 118 492 132 492
PAINT_LINE 128 778 128 792
PAINT_LINE 127 355 127 369
PAINT_LINE 112 213 126 213
PAINT_LINE 110 221 124 221
PAINT_LINE 107 238 121 238
PAINT_LINE 106 229 120 229
PAINT_LINE 104 228 118 228
PAINT_LINE 111 412 111 426
PAINT_LINE 107 341 107 355
PAINT_LINE 95 409 95 423
PAINT_LINE 84 47 84 61
PAINT_LINE 81 531 81 545
PAINT_LINE 63 217 77 217
PAINT_LINE 76 726 76 740
PAINT_LINE 60 459 74 459
PAINT_LINE 73 386 73 400
PAINT_LINE 59 311 73 311
PAINT_LINE 72 555 72 569
PAINT_LINE 72 432 72 446
PAINT_LINE 72 311 72 325
PAINT_LINE 71 310 71 324
PAINT_LINE 70 309 70 323
PAINT_LINE 69 360 69 374
PAINT_LINE 69 309 69 323
PAINT_LINE 68 285 68 299
PAINT_LINE 66 287 66 301
PAINT_LINE 65 361 65 375
PAINT_LINE 64 749 64 763
PAINT_LINE 61 310 61 324
PAINT_LINE 59 597 59 611
PAINT_LINE 57 562 57 576
PAINT_LINE 51 530 51 544
PAINT_LINE 50 530 50 544
PAINT_LINE 49 530 49 544
PAINT_LINE 48 530 48 544
PAINT_LINE 46 62 46 76
PAINT_LINE 39 601 39 615
PAINT_LINE 0 420 0 434
PAINT_LINE 157 636 157 649
PAINT_LINE 148 150 148 163
PAINT_LINE 146 111 146 124
PAINT_LINE 131 708 144 708
PAINT_LINE 144 579 144 592
PAINT_LINE 128 12 141 12
PAINT_LINE 140 363 140 376
PAINT_LINE 127 215 140 215
PAINT_LINE 127 11 140 11
PAINT_LINE 127 10 140 10
PAINT_LINE 125 7 138 7
PAINT_LINE 124 6 137 6
PAINT_LINE 136 5 136 18
PAINT_LINE 119 498 132 498
PAINT_LINE 129 0 129 13
PAINT_LINE 105 237 118 237
PAINT_LINE 117 359 117 372
PAINT_LINE 98 209 111 209
PAINT_LINE 102 667 102 680
PAINT_LINE 102 312 102 325
PAINT_LINE 97 742 97 755
PAINT_LINE 96 284 96 297
PAINT_LINE 86 90 86 103
PAINT_LINE 64 218 77 218
PAINT_LINE 72 385 72 398
PAINT_LINE 58 18 71 18
PAINT_LINE 70 738 70 751
PAINT_LINE 70 434 70 447
PAINT_LINE 70 384 70 397
PAINT_LINE 65 742 65 755
PAINT_LINE 62 554 62 567
PAINT_LINE 62 384 62 397
PAINT_LINE 62 310 62 323
PAINT_LINE 61 555 61 568
PAINT_LINE 37 626 37 639
PAINT_LINE 31 23 31 36
PAINT_LINE 27 617 27 630
PAINT_LINE 27 190 27 203
PAINT_LINE 156 618 156 630
PAINT_LINE 154 73 154 85
PAINT_LINE 151 89 151 101
PAINT_LINE 134 602 146 602
PAINT_LINE 144 220 144 232
PAINT_LINE 131 600 143 600
PAINT_LINE 142 221 142 233
PAINT_LINE 141 698 141 710
PAINT_LINE 129 609 141 609
PAINT_LINE 129 13 141 13
PAINT_LINE 125 255 137 255
PAINT_LINE 137 6 137 18
PAINT_LINE 136 450 136 462
PAINT_LINE 135 4 135 16
PAINT_LINE 134 3 134 15
PAINT_LINE 132 624 132 636
PAINT_LINE 132 2 132 14
PAINT_LINE 131 2 131 14
PAINT_LINE 126 354 126 366
PAINT_LINE 124 406 124 418
PAINT_LINE 111 250 123 250
PAINT_LINE 118 413 118 425
PAINT_LINE 117 320 117 332
PAINT_LINE 111 255 111 267
PAINT_LINE 96 49 108 49
PAINT_LINE 105 435 105 447
PAINT_LINE 94 733 94 745
PAINT_LINE 85 88 85 100
PAINT_LINE 83 79 83 91
PAINT_LINE 82 329 82 341
PAINT_LINE 81 232 81 244
PAINT_LINE 71 385 71 397
PAINT_LINE 55 155 67 155
PAINT_LINE 58 769 58 781
PAINT_LINE 39 7 51 7
PAINT_LINE 46 46 46 58
PAINT_LINE 36 629 36 641
PAINT_LINE 33 13 33 25
PAINT_LINE 1 20 1 32
PAINT_LINE 146 182 157 182
PAINT_LINE 145 657 156 657
PAINT_LINE 156 638 156 649
PAINT_LINE 142 792 153 792
PAINT_LINE 150 390 150 401
PAINT_LINE 140 476 140 487
PAINT_LINE 137 656 137 667
PAINT_LINE 137 363 137 374
PAINT_LINE 135 408 135 419
PAINT_LINE 132 356 132 367
PAINT_LINE 121 176 132 176
PAINT_LINE 121 175 132 175
PAINT_LINE 115 214 126 214
PAINT_LINE 125 355 125 366
PAINT_LINE 112 62 123 62
PAINT_LINE 108 220 119 220
PAINT_LINE 118 359 118 370
PAINT_LINE 117 665 117 676
PAINT_LINE 102 227 113 227
PAINT_LINE 102 218 113 218
PAINT_LINE 112 358 112 369
PAINT_LINE 111 70 111 81
PAINT_LINE 98 208 109 208
PAINT_LINE 103 312 103 323
PAINT_LINE 95 84 95 95
PAINT_LINE 93 737 93 748
PAINT_LINE 87 96 87 107
PAINT_LINE 86 6 86 17
PAINT_LINE 77 737 77 748
PAINT_LINE 77 716 77 727
PAINT_LINE 76 24 76 35
PAINT_LINE 75 7 75 18
PAINT_LINE 74 7 74 18
PAINT_LINE 69 715 69 726
PAINT_LINE 64 782 64 793
PAINT_LINE 62 734 62 745
PAINT_LINE 39 9 50 9
PAINT_LINE 35 636 35 647
PAINT_LINE 2 694 2 705
PAINT_LINE 152 375 152 385
PAINT_LINE 149 615 149 625
PAINT_LINE 149 374 149 384
PAINT_LINE 135 709 145 709
PAINT_LINE 134 485 144 485
PAINT_LINE 142 613 142 623
PAINT_LINE 140 683 140 693
PAINT_LINE 140 125 140 135
PAINT_LINE 134 674 134 684
PAINT_LINE 120 507 130 507
PAINT_LINE 126 406 126 416
PAINT_LINE 126 199 126 209
PAINT_LINE 124 357 124 367
PAINT_LINE 113 101 123 101
PAINT_LINE 121 498 121 508
PAINT_LINE 119 625 119 635
PAINT_LINE 115 344 115 354
PAINT_LINE 113 671 113 681
PAINT_LINE 112 667 112 677
PAINT_LINE 110 360 110 370
PAINT_LINE 96 794 106 794
PAINT_LINE 104 76 104 86
PAINT_LINE 93 745 103 745
PAINT_LINE 103 233 103 243
PAINT_LINE 103 69 103 79
PAINT_LINE 102 685 102 695
PAINT_LINE 102 232 102 242
PAINT_LINE 101 646 101 656
PAINT_LINE 89 704 99 704
PAINT_LINE 99 206 99 216
PAINT_LINE 96 351 96 361
PAINT_LINE 83 771 93 771
PAINT_LINE 89 778 89 788
PAINT_LINE 88 101 88 111
PAINT_LINE 69 223 79 223
PAINT_LINE 71 735 71 745
PAINT_LINE 61 555 71 555
PAINT_LINE 65 777 65 787
PAINT_LINE 61 742 61 752
PAINT_LINE 59 761 59 771
PAINT_LINE 34 155 44 155
PAINT_LINE 32 608 42 608
PAINT_LINE 37 668 37 678
PAINT_LINE 35 674 35 684
PAINT_LINE 33 682 33 692
PAINT_LINE 18 649 18 659
PAINT_LINE 0 704 0 714
PAINT_LINE 148 624 157 624
PAINT_LINE 157 583 157 592
PAINT_LINE 148 576 157 576
PAINT_LINE 148 105 157 105
PAINT_LINE 148 104 157 104
PAINT_LINE 146 489 155 489
PAINT_LINE 144 505 153 505
PAINT_LINE 152 391 152 400
PAINT_LINE 139 128 148 128
PAINT_LINE 139 127 148 127
PAINT_LINE 148 70 148 79
PAINT_LINE 136 18 145 18
PAINT_LINE 135 16 144 16
PAINT_LINE 134 484 143 484
PAINT_LINE 143 95 143 104
PAINT_LINE 134 15 143 15
PAINT_LINE 142 645 142 654
PAINT_LINE 142 195 142 204
PAINT_LINE 140 108 140 117
PAINT_LINE 138 463 138 472
PAINT_LINE 127 59 136 59
PAINT_LINE 135 448 135 457
PAINT_LINE 133 671 133 680
PAINT_LINE 132 407 132 416
PAINT_LINE 121 171 130 171
PAINT_LINE 121 170 130 170
PAINT_LINE 129 777 129 786
PAINT_LINE 119 194 128 194
PAINT_LINE 118 70 127 70
PAINT_LINE 116 55 125 55
PAINT_LINE 112 230 121 230
PAINT_LINE 119 672 119 681
PAINT_LINE 109 63 118 63
PAINT_LINE 117 377 117 386
PAINT_LINE 115 389 115 398
PAINT_LINE 106 219 115 219
PAINT_LINE 105 210 114 210
PAINT_LINE 98 216 107 216
PAINT_LINE 106 346 106 355
PAINT_LINE 104 439 104 448
PAINT_LINE 94 214 103 214
PAINT_LINE 101 745 101 754
PAINT_LINE 91 20 100 20
PAINT_LINE 90 643 99 643
PAINT_LINE 98 738 98 747
PAINT_LINE 98 479 98 488
PAINT_LINE 97 313 97 322
PAINT_LINE 97 95 97 104
PAINT_LINE 96 46 96 55
PAINT_LINE 95 763 95 772
PAINT_LINE 85 13 85 22
PAINT_LINE 84 739 84 748
PAINT_LINE 83 252 83 261
PAINT_LINE 72 325 81 325
PAINT_LINE 70 225 79 225
PAINT_LINE 70 224 79 224
PAINT_LINE 79 77 79 86
PAINT_LINE 76 7 76 16
PAINT_LINE 73 720 73 729
PAINT_LINE 72 725 72 734
PAINT_LINE 62 64 71 64
PAINT_LINE 67 732 67 741
PAINT_LINE 66 739 66 748
PAINT_LINE 62 766 62 775
PAINT_LINE 61 776 61 785
PAINT_LINE 57 778 57 787
PAINT_LINE 54 26 54 35
PAINT_LINE 48 59 48 68
PAINT_LINE 32 609 41 609
PAINT_LINE 41 274 41 283
PAINT_LINE 38 623 38 632
PAINT_LINE 34 679 34 688
PAINT_LINE 31 691 31 700
PAINT_LINE 30 695 30 704
PAINT_LINE 29 699 29 708
PAINT_LINE 28 702 28 711
PAINT_LINE 25 223 25 232
PAINT_LINE 24 718 24 727
PAINT_LINE 20 734 20 743
PAINT_LINE 10 266 10 275
PAINT_LINE 6 192 6 201
PAINT_LINE 4 739 4 748
PAINT_LINE 157 217 157 225
PAINT_LINE 149 183 157 183
PAINT_LINE 156 784 156 792
PAINT_LINE 147 227 155 227
PAINT_LINE 154 712 154 720
PAINT_LINE 154 575 154 583
PAINT_LINE 153 576 153 584
PAINT_LINE 152 221 152 229
PAINT_LINE 149 391 149 399
PAINT_LINE 141 27 149 27
PAINT_LINE 141 26 149 26
PAINT_LINE 145 573 145 581
PAINT_LINE 136 17 144 17
PAINT_LINE 142 666 142 674
PAINT_LINE 141 44 141 52
PAINT_LINE 132 599 140 599
PAINT_LINE 139 362 139 370
PAINT_LINE 129 60 137 60
PAINT_LINE 128 489 136 489
PAINT_LINE 127 138 135 138
PAINT_LINE 131 406 131 414
PAINT_LINE 130 669 130 677
PAINT_LINE 120 193 128 193
PAINT_LINE 125 0 125 8
PAINT_LINE 115 67 123 67
PAINT_LINE 114 102 122 102
PAINT_LINE 121 655 121 663
PAINT_LINE 120 689 120 697
PAINT_LINE 120 498 120 506
PAINT_LINE 119 687 119 695
PAINT_LINE 111 249 119 249
PAINT_LINE 118 686 118 694
PAINT_LINE 110 408 118 408
PAINT_LINE 110 407 118 407
PAINT_LINE 110 406 118 406
PAINT_LINE 118 322 118 330
PAINT_LINE 117 684 117 692
PAINT_LINE 115 634 115 642
PAINT_LINE 114 390 114 398
PAINT_LINE 106 211 114 211
PAINT_LINE 113 390 113 398
PAINT_LINE 112 634 112 642
PAINT_LINE 101 235 109 235
PAINT_LINE 100 226 108 226
PAINT_LINE 105 347 105 355
PAINT_LINE 96 50 104 50
PAINT_LINE 95 406 103 406
PAINT_LINE 94 223 102 223
PAINT_LINE 101 692 101 700
PAINT_LINE 101 388 101 396
PAINT_LINE 100 754 100 762
PAINT_LINE 92 19 100 19
PAINT_LINE 99 351 99 359
PAINT_LINE 96 91 96 99
PAINT_LINE 93 71 93 79
PAINT_LINE 92 699 92 707
PAINT_LINE 90 108 90 116
PAINT_LINE 89 105 89 113
PAINT_LINE 74 597 82 597
PAINT_LINE 81 720 81 728
PAINT_LINE 81 398 81 406
PAINT_LINE 73 326 81 326
PAINT_LINE 80 226 80 234
PAINT_LINE 75 27 75 35
PAINT_LINE 74 713 74 721
PAINT_LINE 65 716 65 724
PAINT_LINE 64 722 64 730
PAINT_LINE 54 201 62 201
PAINT_LINE 60 674 60 682
PAINT_LINE 51 571 59 571
PAINT_LINE 51 570 59 570
PAINT_LINE 53 27 53 35
PAINT_LINE 44 779 44 787
PAINT_LINE 33 607 41 607
PAINT_LINE 36 671 36 679
PAINT_LINE 34 644 34 652
PAINT_LINE 32 687 32 695
PAINT_LINE 31 248 31 256
PAINT_LINE 30 611 30 619
PAINT_LINE 27 705 27 713
PAINT_LINE 26 710 26 718
PAINT_LINE 24 788 24 796
PAINT_LINE 14 235 22 235
PAINT_LINE 21 730 21 738
PAINT_LINE 21 629 21 637
PAINT_LINE 13 217 21 217
PAINT_LINE 19 738 19 746
PAINT_LINE 5 785 5 793
PAINT_LINE 4 785 4 793
PAINT_LINE 3 694 3 702
PAINT_LINE 1 701 1 709
PAINT_LINE 1 7 1 15
PAINT_LINE 0 441 0 449
PAINT_LINE 150 490 157 490
PAINT_LINE 150 181 157 181
PAINT_LINE 148 103 155 103
PAINT_LINE 147 409 154 409
PAINT_LINE 147 408 154 408
PAINT_LINE 153 610 153 617
PAINT_LINE 153 221 153 228
PAINT_LINE 150 789 150 796
PAINT_LINE 149 564 149 571
PAINT_LINE 148 790 148 797
PAINT_LINE 141 208 148 208
PAINT_LINE 147 713 147 720
PAINT_LINE 140 603 147 603
PAINT_LINE 147 109 147 116
PAINT_LINE 146 711 146 718
PAINT_LINE 146 569 146 576
PAINT_LINE 139 126 146 126
PAINT_LINE 138 251 145 251
PAINT_LINE 143 363 143 370
PAINT_LINE 133 70 140 70
PAINT_LINE 139 109 139 116
PAINT_LINE 138 628 138 635
PAINT_LINE 136 369 136 376
PAINT_LINE 134 608 134 615
PAINT_LINE 131 391 131 398
PAINT_LINE 131 374 131 381
PAINT_LINE 129 670 129 677
PAINT_LINE 129 374 129 381
PAINT_LINE 122 73 129 73
PAINT_LINE 128 193 128 200
PAINT_LINE 128 71 128 78
PAINT_LINE 120 63 127 63
PAINT_LINE 119 501 126 501
PAINT_LINE 124 683 124 690
PAINT_LINE 116 231 123 231
PAINT_LINE 116 88 123 88
PAINT_LINE 114 239 121 239
PAINT_LINE 120 629 120 636
PAINT_LINE 120 191 120 198
PAINT_LINE 119 194 119 201
PAINT_LINE 111 315 118 315
PAINT_LINE 111 314 118 314
PAINT_LINE 110 316 117 316
PAINT_LINE 116 683 116 690
PAINT_LINE 116 666 116 673
PAINT_LINE 116 378 116 385
PAINT_LINE 115 377 115 384
PAINT_LINE 114 677 114 684
PAINT_LINE 114 346 114 353
PAINT_LINE 114 314 114 321
PAINT_LINE 113 628 113 635
PAINT_LINE 113 359 113 366
PAINT_LINE 105 2 112 2
PAINT_LINE 101 217 108 217
PAINT_LINE 101 70 108 70
PAINT_LINE 99 234 106 234
PAINT_LINE 105 82 105 89
PAINT_LINE 97 233 104 233
PAINT_LINE 97 215 104 215
PAINT_LINE 96 759 103 759
PAINT_LINE 96 758 103 758
PAINT_LINE 96 757 103 757
PAINT_LINE 96 756 103 756
PAINT_LINE 96 746 103 746
PAINT_LINE 103 441 103 448
PAINT_LINE 96 332 103 332
PAINT_LINE 96 331 103 331
PAINT_LINE 96 330 103 330
PAINT_LINE 102 744 102 751
PAINT_LINE 102 410 102 417
PAINT_LINE 102 70 102 77
PAINT_LINE 100 372 100 379
PAINT_LINE 100 338 100 345
PAINT_LINE 93 18 100 18
PAINT_LINE 92 787 99 787
PAINT_LINE 92 786 99 786
PAINT_LINE 99 388 99 395
PAINT_LINE 91 642 98 642
PAINT_LINE 98 99 98 106
PAINT_LINE 90 478 97 478
PAINT_LINE 97 47 97 54
PAINT_LINE 95 702 95 709
PAINT_LINE 87 466 94 466
PAINT_LINE 87 465 94 465
PAINT_LINE 94 223 94 230
PAINT_LINE 93 782 93 789
PAINT_LINE 86 702 93 702
PAINT_LINE 87 0 87 7
PAINT_LINE 85 741 85 748
PAINT_LINE 78 80 85 80
PAINT_LINE 76 735 83 735
PAINT_LINE 83 726 83 733
PAINT_LINE 76 591 83 591
PAINT_LINE 76 249 83 249
PAINT_LINE 76 248 83 248
PAINT_LINE 74 327 81 327
PAINT_LINE 73 784 80 784
PAINT_LINE 73 85 80 85
PAINT_LINE 73 84 80 84
PAINT_LINE 70 779 70 786
PAINT_LINE 62 384 69 384
PAINT_LINE 68 720 68 727
PAINT_LINE 67 706 67 713
PAINT_LINE 63 758 63 765
PAINT_LINE 63 729 63 736
PAINT_LINE 59 674 59 681
PAINT_LINE 55 671 55 678
PAINT_LINE 52 28 52 35
PAINT_LINE 43 32 43 39
PAINT_LINE 35 280 42 280
PAINT_LINE 35 279 42 279
PAINT_LINE 35 278 42 278
PAINT_LINE 41 646 41 653
PAINT_LINE 40 646 40 653
PAINT_LINE 32 651 32 658
PAINT_LINE 21 781 28 781
PAINT_LINE 26 185 26 192
PAINT_LINE 25 715 25 722
PAINT_LINE 23 788 23 795
PAINT_LINE 23 723 23 730
PAINT_LINE 15 315 22 315
PAINT_LINE 15 289 22 289
PAINT_LINE 22 230 22 237
PAINT_LINE 21 659 21 666
PAINT_LINE 14 332 21 332
PAINT_LINE 14 331 21 331
PAINT_LINE 13 52 20 52
PAINT_LINE 19 655 19 662
PAINT_LINE 19 633 19 640
PAINT_LINE 18 638 18 645
PAINT_LINE 13 268 13 275
PAINT_LINE 10 638 10 645
PAINT_LINE 3 610 10 610
PAINT_LINE 5 739 5 746
PAINT_LINE 3 786 3 793
PAINT_LINE 2 29 2 36
PAINT_LINE 151 155 157 155
PAINT_LINE 147 720 153 720
PAINT_LINE 147 719 153 719
PAINT_LINE 147 567 153 567
PAINT_LINE 153 547 153 553
PAINT_LINE 147 411 153 411
PAINT_LINE 147 410 153 410
PAINT_LINE 147 383 153 383
PAINT_LINE 147 382 153 382
PAINT_LINE 151 641 151 647
PAINT_LINE 145 558 151 558
PAINT_LINE 144 606 150 606
PAINT_LINE 144 592 150 592
PAINT_LINE 144 591 150 591
PAINT_LINE 144 559 150 559
PAINT_LINE 149 653 149 659
PAINT_LINE 149 633 149 639
PAINT_LINE 143 605 149 605
PAINT_LINE 143 575 149 575
PAINT_LINE 143 539 149 539
PAINT_LINE 142 604 148 604
PAINT_LINE 148 564 148 570
PAINT_LINE 147 625 147 631
PAINT_LINE 146 628 146 634
PAINT_LINE 140 487 146 487
PAINT_LINE 140 101 146 101
PAINT_LINE 145 709 145 715
PAINT_LINE 139 486 145 486
PAINT_LINE 144 708 144 714
PAINT_LINE 143 706 143 712
PAINT_LINE 143 664 143 670
PAINT_LINE 142 704 142 710
PAINT_LINE 142 414 142 420
PAINT_LINE 142 101 142 107
PAINT_LINE 141 654 141 660
PAINT_LINE 141 198 141 204
PAINT_LINE 140 491 140 497
PAINT_LINE 134 62 140 62
PAINT_LINE 133 676 139 676
PAINT_LINE 133 61 139 61
PAINT_LINE 137 627 137 633
PAINT_LINE 131 486 137 486
PAINT_LINE 137 458 137 464
PAINT_LINE 136 484 136 490
PAINT_LINE 134 391 134 397
PAINT_LINE 128 120 134 120
PAINT_LINE 133 465 133 471
PAINT_LINE 133 392 133 398
PAINT_LINE 127 121 133 121
PAINT_LINE 126 122 132 122
PAINT_LINE 131 675 131 681
PAINT_LINE 131 665 131 671
PAINT_LINE 125 65 131 65
PAINT_LINE 130 415 130 421
PAINT_LINE 123 64 129 64
PAINT_LINE 124 695 124 701
PAINT_LINE 123 694 123 700
PAINT_LINE 122 498 122 504
PAINT_LINE 115 634 121 634
PAINT_LINE 116 390 116 396
PAINT_LINE 115 664 115 670
PAINT_LINE 115 656 115 662
PAINT_LINE 107 247 113 247
PAINT_LINE 107 246 113 246
PAINT_LINE 110 71 110 77
PAINT_LINE 103 135 109 135
PAINT_LINE 102 134 108 134
PAINT_LINE 101 133 107 133
PAINT_LINE 107 89 107 95
PAINT_LINE 106 85 106 91
PAINT_LINE 99 225 105 225
PAINT_LINE 99 207 105 207
PAINT_LINE 98 224 104 224
PAINT_LINE 103 744 103 750
PAINT_LINE 97 407 103 407
PAINT_LINE 103 353 103 359
PAINT_LINE 97 306 103 306
PAINT_LINE 103 284 103 290
PAINT_LINE 96 408 102 408
PAINT_LINE 96 51 102 51
PAINT_LINE 101 373 101 379
PAINT_LINE 101 337 101 343
PAINT_LINE 95 213 101 213
PAINT_LINE 94 769 100 769
PAINT_LINE 100 644 100 650
PAINT_LINE 100 389 100 395
PAINT_LINE 93 744 99 744
PAINT_LINE 92 754 98 754
PAINT_LINE 92 707 98 707
PAINT_LINE 97 782 97 788
PAINT_LINE 90 773 96 773
PAINT_LINE 95 218 95 224
PAINT_LINE 88 749 94 749
PAINT_LINE 94 214 94 220
PAINT_LINE 87 703 93 703
PAINT_LINE 92 782 92 788
PAINT_LINE 90 22 90 28
PAINT_LINE 85 79 85 85
PAINT_LINE 77 585 83 585
PAINT_LINE 77 584 83 584
PAINT_LINE 77 583 83 583
PAINT_LINE 77 341 83 341
PAINT_LINE 77 340 83 340
PAINT_LINE 77 339 83 339
PAINT_LINE 77 334 83 334
PAINT_LINE 83 56 83 62
PAINT_LINE 76 406 82 406
PAINT_LINE 76 405 82 405
PAINT_LINE 76 404 82 404
PAINT_LINE 76 244 82 244
PAINT_LINE 82 0 82 6
PAINT_LINE 75 328 81 328
PAINT_LINE 81 75 81 81
PAINT_LINE 80 721 80 727
PAINT_LINE 79 720 79 726
PAINT_LINE 72 692 78 692
PAINT_LINE 78 80 78 86
PAINT_LINE 76 715 76 721
PAINT_LINE 65 686 71 686
PAINT_LINE 68 705 68 711
PAINT_LINE 61 744 67 744
PAINT_LINE 55 256 61 256
PAINT_LINE 55 255 61 255
PAINT_LINE 55 254 61 254
PAINT_LINE 60 749 60 755
PAINT_LINE 41 35 47 35
PAINT_LINE 46 11 46 17
PAINT_LINE 44 647 44 653
PAINT_LINE 38 82 44 82
PAINT_LINE 39 647 39 653
PAINT_LINE 39 619 39 625
PAINT_LINE 22 230 28 230
PAINT_LINE 25 304 25 310
PAINT_LINE 25 180 25 186
PAINT_LINE 24 346 24 352
PAINT_LINE 24 225 24 231
PAINT_LINE 17 290 23 290
PAINT_LINE 23 227 23 233
PAINT_LINE 22 727 22 733
PAINT_LINE 22 153 22 159
PAINT_LINE 22 123 22 129
PAINT_LINE 15 357 21 357
PAINT_LINE 15 138 21 138
PAINT_LINE 20 249 20 255
PAINT_LINE 14 218 20 218
PAINT_LINE 18 742 18 748
PAINT_LINE 11 262 17 262
PAINT_LINE 4 609 10 609
PAINT_LINE 10 515 10 521
PAINT_LINE 9 608 9 614
PAINT_LINE 9 246 9 252
PAINT_LINE 6 738 6 744
PAINT_LINE 0 643 6 643
PAINT_LINE 0 642 6 642
PAINT_LINE 4 664 4 670
PAINT_LINE 4 640 4 646
PAINT_LINE 152 228 157 228
PAINT_LINE 152 156 157 156
PAINT_LINE 152 154 157 154
PAINT_LINE 152 128 157 128
PAINT_LINE 152 127 157 127
PAINT_LINE 156 583 156 588
PAINT_LINE 155 552 155 557
PAINT_LINE 154 635 154 640
PAINT_LINE 154 622 154 627
PAINT_LINE 148 381 153 381
PAINT_LINE 152 609 152 614
PAINT_LINE 147 508 152 508
PAINT_LINE 151 718 151 723
PAINT_LINE 151 392 151 397
PAINT_LINE 150 718 150 723
PAINT_LINE 145 654 150 654
PAINT_LINE 150 606 150 611
PAINT_LINE 150 245 150 250
PAINT_LINE 144 674 149 674
PAINT_LINE 149 539 149 544
PAINT_LINE 149 245 149 250
PAINT_LINE 149 153 149 158
PAINT_LINE 148 636 148 641
PAINT_LINE 148 623 148 628
PAINT_LINE 143 612 148 612
PAINT_LINE 148 604 148 609
PAINT_LINE 148 539 148 544
PAINT_LINE 143 488 148 488
PAINT_LINE 148 380 148 385
PAINT_LINE 148 245 148 250
PAINT_LINE 143 207 148 207
PAINT_LINE 147 603 147 608
PAINT_LINE 146 602 146 607
PAINT_LINE 141 250 146 250
PAINT_LINE 141 102 146 102
PAINT_LINE 145 602 145 607
PAINT_LINE 145 555 145 560
PAINT_LINE 144 662 144 667
PAINT_LINE 144 367 144 372
PAINT_LINE 139 200 144 200
PAINT_LINE 143 784 143 789
PAINT_LINE 143 148 143 153
PAINT_LINE 142 629 142 634
PAINT_LINE 137 483 142 483
PAINT_LINE 141 415 141 420
PAINT_LINE 136 63 141 63
PAINT_LINE 140 229 140 234
PAINT_LINE 134 490 139 490
PAINT_LINE 138 211 138 216
PAINT_LINE 136 211 136 216
PAINT_LINE 131 137 136 137
PAINT_LINE 132 771 132 776
PAINT_LINE 132 646 132 651
PAINT_LINE 132 392 132 397
PAINT_LINE 126 657 131 657
PAINT_LINE 129 688 129 693
PAINT_LINE 129 90 129 95
PAINT_LINE 128 688 128 693
PAINT_LINE 123 616 128 616
PAINT_LINE 123 615 128 615
PAINT_LINE 127 699 127 704
PAINT_LINE 127 688 127 693
PAINT_LINE 127 612 127 617
PAINT_LINE 126 698 126 703
PAINT_LINE 125 697 125 702
PAINT_LINE 125 686 125 691
PAINT_LINE 120 683 125 683
PAINT_LINE 125 406 125 411
PAINT_LINE 119 222 124 222
PAINT_LINE 124 0 124 5
PAINT_LINE 123 789 123 794
PAINT_LINE 123 682 123 687
PAINT_LINE 123 498 123 503
PAINT_LINE 122 693 122 698
PAINT_LINE 122 617 122 622
PAINT_LINE 121 692 121 697
PAINT_LINE 121 634 121 639
PAINT_LINE 114 68 119 68
PAINT_LINE 117 422 117 427
PAINT_LINE 116 346 116 351
PAINT_LINE 111 45 116 45
PAINT_LINE 111 44 116 44
PAINT_LINE 115 681 115 686
PAINT_LINE 114 625 114 630
PAINT_LINE 108 121 113 121
PAINT_LINE 112 312 112 317
PAINT_LINE 106 245 111 245
PAINT_LINE 110 323 110 328
PAINT_LINE 110 262 110 267
PAINT_LINE 105 244 110 244
PAINT_LINE 109 208 109 213
PAINT_LINE 104 136 109 136
PAINT_LINE 109 93 109 98
PAINT_LINE 108 341 108 346
PAINT_LINE 103 243 108 243
PAINT_LINE 108 134 108 139
PAINT_LINE 107 133 107 138
PAINT_LINE 104 287 104 292
PAINT_LINE 99 73 104 73
PAINT_LINE 103 414 103 419
PAINT_LINE 98 305 103 305
PAINT_LINE 102 755 102 760
PAINT_LINE 102 377 102 382
PAINT_LINE 102 293 102 298
PAINT_LINE 102 108 102 113
PAINT_LINE 101 362 101 367
PAINT_LINE 101 293 101 298
PAINT_LINE 96 232 101 232
PAINT_LINE 101 107 101 112
PAINT_LINE 95 231 100 231
PAINT_LINE 95 222 100 222
PAINT_LINE 95 212 100 212
PAINT_LINE 100 106 100 111
PAINT_LINE 95 52 100 52
PAINT_LINE 95 21 100 21
PAINT_LINE 94 778 99 778
PAINT_LINE 94 777 99 777
PAINT_LINE 99 285 99 290
PAINT_LINE 94 230 99 230
PAINT_LINE 99 126 99 131
PAINT_LINE 93 641 98 641
PAINT_LINE 98 418 98 423
PAINT_LINE 97 123 97 128
PAINT_LINE 96 704 96 709
PAINT_LINE 96 408 96 413
PAINT_LINE 96 219 96 224
PAINT_LINE 95 674 95 679
PAINT_LINE 94 704 94 709
PAINT_LINE 94 117 94 122
PAINT_LINE 93 116 93 121
PAINT_LINE 92 738 92 743
PAINT_LINE 92 114 92 119
PAINT_LINE 91 736 91 741
PAINT_LINE 91 701 91 706
PAINT_LINE 91 112 91 117
PAINT_LINE 90 767 90 772
PAINT_LINE 82 699 87 699
PAINT_LINE 82 72 87 72
PAINT_LINE 82 67 87 67
PAINT_LINE 81 698 86 698
PAINT_LINE 84 727 84 732
PAINT_LINE 79 697 84 697
PAINT_LINE 79 77 84 77
PAINT_LINE 83 735 83 740
PAINT_LINE 78 696 83 696
PAINT_LINE 77 695 82 695
PAINT_LINE 76 748 81 748
PAINT_LINE 75 788 80 788
PAINT_LINE 75 787 80 787
PAINT_LINE 75 694 80 694
PAINT_LINE 74 693 79 693
PAINT_LINE 73 716 78 716
PAINT_LINE 71 691 76 691
PAINT_LINE 75 714 75 719
PAINT_LINE 70 690 75 690
PAINT_LINE 74 761 74 766
PAINT_LINE 69 689 74 689
PAINT_LINE 69 688 74 688
PAINT_LINE 73 712 73 717
PAINT_LINE 67 711 72 711
PAINT_LINE 67 687 72 687
PAINT_LINE 71 779 71 784
PAINT_LINE 66 554 71 554
PAINT_LINE 70 709 70 714
PAINT_LINE 65 457 70 457
PAINT_LINE 69 777 69 782
PAINT_LINE 64 685 69 685
PAINT_LINE 63 684 68 684
PAINT_LINE 62 683 67 683
PAINT_LINE 61 33 66 33
PAINT_LINE 61 32 66 32
PAINT_LINE 66 22 66 27
PAINT_LINE 60 682 65 682
PAINT_LINE 60 596 65 596
PAINT_LINE 59 681 64 681
PAINT_LINE 63 788 63 793
PAINT_LINE 58 680 63 680
PAINT_LINE 54 672 54 677
PAINT_LINE 51 30 51 35
PAINT_LINE 45 93 50 93
PAINT_LINE 44 727 44 732
PAINT_LINE 43 728 43 733
PAINT_LINE 38 652 43 652
PAINT_LINE 42 32 42 37
PAINT_LINE 41 612 41 617
PAINT_LINE 35 639 40 639
PAINT_LINE 35 638 40 638
PAINT_LINE 33 533 33 538
PAINT_LINE 30 661 30 666
PAINT_LINE 29 657 29 662
PAINT_LINE 28 618 28 623
PAINT_LINE 25 661 25 666
PAINT_LINE 25 623 25 628
PAINT_LINE 22 650 22 655
PAINT_LINE 16 316 21 316
PAINT_LINE 16 175 21 175
PAINT_LINE 16 108 21 108
PAINT_LINE 16 51 21 51
PAINT_LINE 15 159 15 164
PAINT_LINE 14 267 14 272
PAINT_LINE 14 101 14 106
PAINT_LINE 11 515 11 520
PAINT_LINE 11 261 11 266
PAINT_LINE 9 516 9 521
PAINT_LINE 9 268 9 273
PAINT_LINE 3 668 8 668
PAINT_LINE 3 667 8 667
PAINT_LINE 3 409 8 409
PAINT_LINE 6 667 6 672
PAINT_LINE 4 694 4 699
PAINT_LINE 4 516 4 521
PAINT_LINE 4 484 4 489
PAINT_LINE 4 407 4 412
PAINT_LINE 0 753 0 758
PAINT_LINE 0 739 0 744
PAINT_LINE 157 709 157 713
PAINT_LINE 153 663 157 663
PAINT_LINE 157 627 157 631
PAINT_LINE 157 571 157 575
PAINT_LINE 157 227 157 231
PAINT_LINE 156 753 156 757
PAINT_LINE 152 577 156 577
PAINT_LINE 155 623 155 627
PAINT_LINE 155 575 155 579
PAINT_LINE 154 613 154 617
PAINT_LINE 153 718 153 722
PAINT_LINE 153 632 153 636
PAINT_LINE 153 381 153 385
PAINT_LINE 152 719 152 723
PAINT_LINE 148 647 152 647
PAINT_LINE 152 545 152 549
PAINT_LINE 148 407 152 407
PAINT_LINE 152 125 152 129
PAINT_LINE 151 608 151 612
PAINT_LINE 150 644 150 648
PAINT_LINE 150 541 150 545
PAINT_LINE 149 717 149 721
PAINT_LINE 149 646 149 650
PAINT_LINE 149 605 149 609
PAINT_LINE 145 593 149 593
PAINT_LINE 148 612 148 616
PAINT_LINE 144 206 148 206
PAINT_LINE 147 539 147 543
PAINT_LINE 147 179 147 183
PAINT_LINE 142 761 146 761
PAINT_LINE 146 637 146 641
PAINT_LINE 146 126 146 130
PAINT_LINE 146 99 146 103
PAINT_LINE 145 643 145 647
PAINT_LINE 145 112 145 116
PAINT_LINE 144 551 144 555
PAINT_LINE 144 205 144 209
PAINT_LINE 143 771 143 775
PAINT_LINE 143 408 143 412
PAINT_LINE 139 230 143 230
PAINT_LINE 139 229 143 229
PAINT_LINE 139 199 143 199
PAINT_LINE 142 406 142 410
PAINT_LINE 138 64 142 64
PAINT_LINE 136 608 140 608
PAINT_LINE 140 213 140 217
PAINT_LINE 140 198 140 202
PAINT_LINE 139 213 139 217
PAINT_LINE 139 61 139 65
PAINT_LINE 137 640 137 644
PAINT_LINE 133 610 137 610
PAINT_LINE 135 609 135 613
PAINT_LINE 131 119 135 119
PAINT_LINE 135 69 135 73
PAINT_LINE 134 653 134 657
PAINT_LINE 134 497 134 501
PAINT_LINE 133 770 133 774
PAINT_LINE 133 613 133 617
PAINT_LINE 132 378 132 382
PAINT_LINE 131 773 131 777
PAINT_LINE 127 368 131 368
PAINT_LINE 131 57 131 61
PAINT_LINE 126 604 130 604
PAINT_LINE 130 90 130 94
PAINT_LINE 129 645 129 649
PAINT_LINE 129 601 129 605
PAINT_LINE 129 417 129 421
PAINT_LINE 125 98 129 98
PAINT_LINE 128 416 128 420
PAINT_LINE 128 379 128 383
PAINT_LINE 122 640 126 640
PAINT_LINE 126 139 126 143
PAINT_LINE 125 637 125 641
PAINT_LINE 125 613 125 617
PAINT_LINE 121 508 125 508
PAINT_LINE 121 68 125 68
PAINT_LINE 124 637 124 641
PAINT_LINE 124 139 124 143
PAINT_LINE 123 667 123 671
PAINT_LINE 123 638 123 642
PAINT_LINE 119 626 123 626
PAINT_LINE 119 232 123 232
PAINT_LINE 123 44 123 48
PAINT_LINE 123 0 123 4
PAINT_LINE 122 139 122 143
PAINT_LINE 117 675 121 675
PAINT_LINE 120 678 120 682
PAINT_LINE 120 660 120 664
PAINT_LINE 120 229 120 233
PAINT_LINE 116 66 120 66
PAINT_LINE 119 613 119 617
PAINT_LINE 118 615 118 619
PAINT_LINE 114 384 118 384
PAINT_LINE 114 378 118 378
PAINT_LINE 118 139 118 143
PAINT_LINE 117 618 117 622
PAINT_LINE 117 494 117 498
PAINT_LINE 113 348 117 348
PAINT_LINE 117 228 117 232
PAINT_LINE 116 631 116 635
PAINT_LINE 116 620 116 624
PAINT_LINE 116 424 116 428
PAINT_LINE 116 330 116 334
PAINT_LINE 112 321 116 321
PAINT_LINE 116 44 116 48
PAINT_LINE 115 622 115 626
PAINT_LINE 115 44 115 48
PAINT_LINE 113 330 113 334
PAINT_LINE 113 313 113 317
PAINT_LINE 113 258 113 262
PAINT_LINE 109 248 113 248
PAINT_LINE 113 227 113 231
PAINT_LINE 113 69 113 73
PAINT_LINE 112 411 112 415
PAINT_LINE 112 328 112 332
PAINT_LINE 112 137 112 141
PAINT_LINE 112 96 112 100
PAINT_LINE 112 79 112 83
PAINT_LINE 112 69 112 73
PAINT_LINE 108 64 112 64
PAINT_LINE 111 313 111 317
PAINT_LINE 111 137 111 141
PAINT_LINE 107 120 111 120
PAINT_LINE 110 209 110 213
PAINT_LINE 110 95 110 99
PAINT_LINE 106 58 110 58
PAINT_LINE 109 342 109 346
PAINT_LINE 109 135 109 139
PAINT_LINE 105 59 109 59
PAINT_LINE 108 226 108 230
PAINT_LINE 108 92 108 96
PAINT_LINE 104 3 108 3
PAINT_LINE 107 226 107 230
PAINT_LINE 106 436 106 440
PAINT_LINE 102 242 106 242
PAINT_LINE 106 133 106 137
PAINT_LINE 106 115 106 119
PAINT_LINE 106 46 106 50
PAINT_LINE 101 241 105 241
PAINT_LINE 105 133 105 137
PAINT_LINE 105 114 105 118
PAINT_LINE 101 5 105 5
PAINT_LINE 100 748 104 748
PAINT_LINE 100 132 104 132
PAINT_LINE 104 112 104 116
PAINT_LINE 100 6 104 6
PAINT_LINE 103 756 103 760
PAINT_LINE 99 379 103 379
PAINT_LINE 99 206 103 206
PAINT_LINE 99 131 103 131
PAINT_LINE 103 110 103 114
PAINT_LINE 99 7 103 7
PAINT_LINE 102 443 102 447
PAINT_LINE 102 362 102 366
PAINT_LINE 98 341 102 341
PAINT_LINE 102 4 102 8
PAINT_LINE 101 330 101 334
PAINT_LINE 101 5 101 9
PAINT_LINE 100 698 100 702
PAINT_LINE 96 405 100 405
PAINT_LINE 100 362 100 366
PAINT_LINE 100 330 100 334
PAINT_LINE 100 293 100 297
PAINT_LINE 99 643 99 647
PAINT_LINE 99 330 99 334
PAINT_LINE 99 104 99 108
PAINT_LINE 98 641 98 645
PAINT_LINE 98 318 98 322
PAINT_LINE 98 284 98 288
PAINT_LINE 98 125 98 129
PAINT_LINE 94 70 98 70
PAINT_LINE 97 329 97 333
PAINT_LINE 96 784 96 788
PAINT_LINE 92 743 96 743
PAINT_LINE 96 673 96 677
PAINT_LINE 96 640 96 644
PAINT_LINE 95 120 95 124
PAINT_LINE 95 52 95 56
PAINT_LINE 95 32 95 36
PAINT_LINE 90 772 94 772
PAINT_LINE 88 644 92 644
PAINT_LINE 87 645 91 645
PAINT_LINE 90 701 90 705
PAINT_LINE 89 734 89 738
PAINT_LINE 85 63 89 63
PAINT_LINE 84 647 88 647
PAINT_LINE 84 65 88 65
PAINT_LINE 84 64 88 64
PAINT_LINE 83 648 87 648
PAINT_LINE 87 62 87 66
PAINT_LINE 86 730 86 734
PAINT_LINE 85 729 85 733
PAINT_LINE 80 650 84 650
PAINT_LINE 81 734 81 738
PAINT_LINE 79 661 79 665
PAINT_LINE 75 654 79 654
PAINT_LINE 74 719 78 719
PAINT_LINE 78 662 78 666
PAINT_LINE 74 655 78 655
PAINT_LINE 78 51 78 55
PAINT_LINE 69 751 73 751
PAINT_LINE 68 760 72 760
PAINT_LINE 72 711 72 715
PAINT_LINE 69 764 69 768
PAINT_LINE 69 738 69 742
PAINT_LINE 69 63 69 67
PAINT_LINE 68 737 68 741
PAINT_LINE 63 664 67 664
PAINT_LINE 67 63 67 67
PAINT_LINE 62 761 66 761
PAINT_LINE 62 734 66 734
PAINT_LINE 66 63 66 67
PAINT_LINE 66 31 66 35
PAINT_LINE 65 795 65 799
PAINT_LINE 65 771 65 775
PAINT_LINE 65 22 65 26
PAINT_LINE 64 770 64 774
PAINT_LINE 63 768 63 772
PAINT_LINE 62 788 62 792
PAINT_LINE 61 766 61 770
PAINT_LINE 57 679 61 679
PAINT_LINE 54 150 54 154
PAINT_LINE 42 37 46 37
PAINT_LINE 41 782 45 782
PAINT_LINE 43 651 43 655
PAINT_LINE 42 728 42 732
PAINT_LINE 42 651 42 655
PAINT_LINE 41 32 41 36
PAINT_LINE 36 631 40 631
PAINT_LINE 35 637 39 637
PAINT_LINE 38 647 38 651
PAINT_LINE 35 777 35 781
PAINT_LINE 29 657 33 657
PAINT_LINE 32 611 32 615
PAINT_LINE 31 612 31 616
PAINT_LINE 29 618 29 622
PAINT_LINE 24 626 28 626
PAINT_LINE 24 625 28 625
PAINT_LINE 25 788 25 792
PAINT_LINE 25 251 25 255
PAINT_LINE 25 243 25 247
PAINT_LINE 23 660 23 664
PAINT_LINE 19 637 23 637
PAINT_LINE 23 243 23 247
PAINT_LINE 23 129 23 133
PAINT_LINE 22 661 22 665
PAINT_LINE 21 651 21 655
PAINT_LINE 20 658 20 662
PAINT_LINE 16 358 20 358
PAINT_LINE 16 165 20 165
PAINT_LINE 16 139 20 139
PAINT_LINE 16 121 20 121
PAINT_LINE 16 79 20 79
PAINT_LINE 16 68 20 68
PAINT_LINE 17 262 17 266
PAINT_LINE 15 262 15 266
PAINT_LINE 14 133 14 137
PAINT_LINE 9 421 13 421
PAINT_LINE 9 420 13 420
PAINT_LINE 13 131 13 135
PAINT_LINE 8 644 12 644
PAINT_LINE 12 452 12 456
PAINT_LINE 12 306 12 310
PAINT_LINE 11 303 11 307
PAINT_LINE 11 211 11 215
PAINT_LINE 10 577 10 581
PAINT_LINE 10 209 10 213
PAINT_LINE 9 637 9 641
PAINT_LINE 8 608 8 612
PAINT_LINE 4 408 8 408
PAINT_LINE 7 407 7 411
PAINT_LINE 2 791 6 791
PAINT_LINE 2 790 6 790
PAINT_LINE 6 406 6 410
PAINT_LINE 4 452 4 456
PAINT_LINE 4 39 4 43
PAINT_LINE 3 746 3 750
PAINT_LINE 3 740 3 744
PAINT_LINE 3 34 3 38
PAINT_LINE 2 748 2 752
PAINT_LINE 2 2 2 6
PAINT_LINE 1 751 1 755
PAINT_LINE 1 740 1 744
PAINT_LINE 1 694 1 698
PAINT_LINE 0 694 0 698
PAINT_LINE 154 656 157 656
PAINT_LINE 154 655 157 655
PAINT_LINE 154 557 157 557
PAINT_LINE 154 508 157 508
PAINT_LINE 157 126 157 129
PAINT_LINE 156 228 156 231
PAINT_LINE 155 711 155 714
PAINT_LINE 155 648 155 651
PAINT_LINE 155 227 155 230
PAINT_LINE 154 551 154 554
PAINT_LINE 150 206 153 206
PAINT_LINE 152 645 152 648
PAINT_LINE 152 585 152 588
PAINT_LINE 152 552 152 555
PAINT_LINE 151 587 151 590
PAINT_LINE 148 544 151 544
PAINT_LINE 148 204 151 204
PAINT_LINE 150 667 150 670
PAINT_LINE 150 631 150 634
PAINT_LINE 150 557 150 560
PAINT_LINE 146 228 149 228
PAINT_LINE 148 715 148 718
PAINT_LINE 148 656 148 659
PAINT_LINE 145 653 148 653
PAINT_LINE 148 126 148 129
PAINT_LINE 144 611 147 611
PAINT_LINE 147 157 147 160
PAINT_LINE 147 151 147 154
PAINT_LINE 146 610 146 613
PAINT_LINE 146 152 146 155
PAINT_LINE 145 505 145 508
PAINT_LINE 141 762 144 762
PAINT_LINE 144 674 144 677
PAINT_LINE 144 648 144 651
PAINT_LINE 144 505 144 508
PAINT_LINE 141 150 144 150
PAINT_LINE 140 198 143 198
PAINT_LINE 142 678 142 681
PAINT_LINE 142 640 142 643
PAINT_LINE 142 505 142 508
PAINT_LINE 142 64 142 67
PAINT_LINE 141 680 141 683
PAINT_LINE 141 643 141 646
PAINT_LINE 141 374 141 377
PAINT_LINE 141 63 141 66
PAINT_LINE 137 766 140 766
PAINT_LINE 140 62 140 65
PAINT_LINE 139 490 139 493
PAINT_LINE 139 70 139 73
PAINT_LINE 138 644 138 647
PAINT_LINE 138 70 138 73
PAINT_LINE 137 113 137 116
PAINT_LINE 136 608 136 611
PAINT_LINE 134 769 134 772
PAINT_LINE 130 608 133 608
PAINT_LINE 129 677 132 677
PAINT_LINE 132 616 132 619
PAINT_LINE 129 66 132 66
PAINT_LINE 128 792 131 792
PAINT_LINE 128 658 131 658
PAINT_LINE 128 648 131 648
PAINT_LINE 128 610 131 610
PAINT_LINE 128 602 131 602
PAINT_LINE 128 91 131 91
PAINT_LINE 130 775 130 778
PAINT_LINE 130 680 130 683
PAINT_LINE 130 608 130 611
PAINT_LINE 127 603 130 603
PAINT_LINE 130 498 130 501
PAINT_LINE 130 367 130 370
PAINT_LINE 129 609 129 612
PAINT_LINE 129 498 129 501
PAINT_LINE 129 368 129 371
PAINT_LINE 125 613 128 613
PAINT_LINE 128 602 128 605
PAINT_LINE 125 506 128 506
PAINT_LINE 128 498 128 501
PAINT_LINE 128 367 128 370
PAINT_LINE 127 780 127 783
PAINT_LINE 127 603 127 606
PAINT_LINE 127 411 127 414
PAINT_LINE 124 406 127 406
PAINT_LINE 127 78 127 81
PAINT_LINE 126 781 126 784
PAINT_LINE 126 653 126 656
PAINT_LINE 123 641 126 641
PAINT_LINE 126 604 126 607
PAINT_LINE 123 211 126 211
PAINT_LINE 122 100 125 100
PAINT_LINE 124 614 124 617
PAINT_LINE 120 651 123 651
PAINT_LINE 120 650 123 650
PAINT_LINE 123 615 123 618
PAINT_LINE 120 506 123 506
PAINT_LINE 122 794 122 797
PAINT_LINE 122 636 122 639
PAINT_LINE 122 624 122 627
PAINT_LINE 119 489 122 489
PAINT_LINE 121 679 121 682
PAINT_LINE 121 611 121 614
PAINT_LINE 121 230 121 233
PAINT_LINE 120 612 120 615
PAINT_LINE 120 147 120 150
PAINT_LINE 120 87 120 90
PAINT_LINE 118 100 118 103
PAINT_LINE 117 652 117 655
PAINT_LINE 117 412 117 415
PAINT_LINE 117 314 117 317
PAINT_LINE 114 58 117 58
PAINT_LINE 116 655 116 658
PAINT_LINE 116 412 116 415
PAINT_LINE 116 319 116 322
PAINT_LINE 116 314 116 317
PAINT_LINE 116 100 116 103
PAINT_LINE 115 424 115 427
PAINT_LINE 115 370 115 373
PAINT_LINE 115 331 115 334
PAINT_LINE 115 219 115 222
PAINT_LINE 114 424 114 427
PAINT_LINE 114 369 114 372
PAINT_LINE 114 331 114 334
PAINT_LINE 111 260 114 260
PAINT_LINE 111 259 114 259
PAINT_LINE 114 228 114 231
PAINT_LINE 114 83 114 86
PAINT_LINE 110 415 113 415
PAINT_LINE 110 414 113 414
PAINT_LINE 110 413 113 413
PAINT_LINE 110 412 113 412
PAINT_LINE 113 347 113 350
PAINT_LINE 113 138 113 141
PAINT_LINE 113 82 113 85
PAINT_LINE 112 406 112 409
PAINT_LINE 111 406 111 409
PAINT_LINE 111 359 111 362
PAINT_LINE 111 96 111 99
PAINT_LINE 107 345 110 345
PAINT_LINE 107 344 110 344
PAINT_LINE 107 343 110 343
PAINT_LINE 107 230 110 230
PAINT_LINE 110 0 110 3
PAINT_LINE 109 119 109 122
PAINT_LINE 105 118 108 118
PAINT_LINE 108 70 108 73
PAINT_LINE 104 440 107 440
PAINT_LINE 104 439 107 439
PAINT_LINE 104 60 107 60
PAINT_LINE 101 750 104 750
PAINT_LINE 101 749 104 749
PAINT_LINE 101 307 104 307
PAINT_LINE 101 240 104 240
PAINT_LINE 100 374 103 374
PAINT_LINE 100 373 103 373
PAINT_LINE 103 305 103 308
PAINT_LINE 99 395 102 395
PAINT_LINE 99 394 102 394
PAINT_LINE 99 392 102 392
PAINT_LINE 99 391 102 391
PAINT_LINE 99 390 102 390
PAINT_LINE 99 389 102 389
PAINT_LINE 102 372 102 375
PAINT_LINE 99 342 102 342
PAINT_LINE 99 340 102 340
PAINT_LINE 99 130 102 130
PAINT_LINE 98 423 101 423
PAINT_LINE 98 129 101 129
PAINT_LINE 97 779 100 779
PAINT_LINE 100 768 100 771
PAINT_LINE 97 747 100 747
PAINT_LINE 97 211 100 211
PAINT_LINE 97 128 100 128
PAINT_LINE 96 788 99 788
PAINT_LINE 99 777 99 780
PAINT_LINE 96 404 99 404
PAINT_LINE 99 318 99 321
PAINT_LINE 96 307 99 307
PAINT_LINE 95 411 98 411
PAINT_LINE 95 410 98 410
PAINT_LINE 98 350 98 353
PAINT_LINE 98 305 98 308
PAINT_LINE 95 221 98 221
PAINT_LINE 94 640 97 640
PAINT_LINE 97 350 97 353
PAINT_LINE 97 284 97 287
PAINT_LINE 94 229 97 229
PAINT_LINE 94 228 97 228
PAINT_LINE 94 220 97 220
PAINT_LINE 96 307 96 310
PAINT_LINE 96 122 96 125
PAINT_LINE 92 751 95 751
PAINT_LINE 92 742 95 742
PAINT_LINE 95 694 95 697
PAINT_LINE 95 684 95 687
PAINT_LINE 95 212 95 215
PAINT_LINE 91 750 94 750
PAINT_LINE 91 57 94 57
PAINT_LINE 90 58 93 58
PAINT_LINE 93 18 93 21
PAINT_LINE 89 794 92 794
PAINT_LINE 92 56 92 59
PAINT_LINE 92 19 92 22
PAINT_LINE 88 748 91 748
PAINT_LINE 88 461 91 461
PAINT_LINE 91 57 91 60
PAINT_LINE 91 20 91 23
PAINT_LINE 87 788 90 788
PAINT_LINE 87 735 90 735
PAINT_LINE 86 646 89 646
PAINT_LINE 89 27 89 30
PAINT_LINE 84 700 87 700
PAINT_LINE 87 34 87 37
PAINT_LINE 86 698 86 701
PAINT_LINE 85 698 85 701
PAINT_LINE 82 649 85 649
PAINT_LINE 79 651 82 651
PAINT_LINE 78 652 81 652
PAINT_LINE 80 734 80 737
PAINT_LINE 77 653 80 653
PAINT_LINE 77 86 80 86
PAINT_LINE 76 747 79 747
PAINT_LINE 75 746 78 746
PAINT_LINE 74 656 77 656
PAINT_LINE 73 657 76 657
PAINT_LINE 72 729 75 729
PAINT_LINE 75 673 75 676
PAINT_LINE 71 728 74 728
PAINT_LINE 74 83 74 86
PAINT_LINE 69 750 72 750
PAINT_LINE 69 742 72 742
PAINT_LINE 69 660 72 660
PAINT_LINE 68 759 71 759
PAINT_LINE 68 748 71 748
PAINT_LINE 68 726 71 726
PAINT_LINE 68 725 71 725
PAINT_LINE 71 711 71 714
PAINT_LINE 68 661 71 661
PAINT_LINE 67 766 70 766
PAINT_LINE 70 0 70 3
PAINT_LINE 69 709 69 712
PAINT_LINE 65 779 68 779
PAINT_LINE 65 778 68 778
PAINT_LINE 65 777 68 777
PAINT_LINE 65 747 68 747
PAINT_LINE 65 746 68 746
PAINT_LINE 67 753 67 756
PAINT_LINE 64 745 67 745
PAINT_LINE 66 761 66 764
PAINT_LINE 66 751 66 754
PAINT_LINE 66 734 66 737
PAINT_LINE 66 713 66 716
PAINT_LINE 65 761 65 764
PAINT_LINE 62 665 65 665
PAINT_LINE 62 34 65 34
PAINT_LINE 64 796 64 799
PAINT_LINE 64 673 64 676
PAINT_LINE 61 666 64 666
PAINT_LINE 64 22 64 25
PAINT_LINE 63 32 63 35
PAINT_LINE 63 21 63 24
PAINT_LINE 61 17 61 20
PAINT_LINE 57 669 60 669
PAINT_LINE 58 64 58 67
PAINT_LINE 58 17 58 20
PAINT_LINE 54 672 57 672
PAINT_LINE 56 670 56 673
PAINT_LINE 49 32 49 35
PAINT_LINE 43 38 46 38
PAINT_LINE 40 646 43 646
PAINT_LINE 39 615 42 615
PAINT_LINE 39 47 42 47
PAINT_LINE 39 46 42 46
PAINT_LINE 41 781 41 784
PAINT_LINE 38 625 41 625
PAINT_LINE 38 624 41 624
PAINT_LINE 38 623 41 623
PAINT_LINE 39 637 39 640
PAINT_LINE 36 630 39 630
PAINT_LINE 36 66 39 66
PAINT_LINE 36 65 39 65
PAINT_LINE 35 636 38 636
PAINT_LINE 37 645 37 648
PAINT_LINE 36 644 36 647
PAINT_LINE 32 652 35 652
PAINT_LINE 32 651 35 651
PAINT_LINE 35 612 35 615
PAINT_LINE 34 607 34 610
PAINT_LINE 33 657 33 660
PAINT_LINE 31 653 31 656
PAINT_LINE 30 655 30 658
PAINT_LINE 28 40 28 43
PAINT_LINE 27 230 27 233
PAINT_LINE 23 229 26 229
PAINT_LINE 23 228 26 228
PAINT_LINE 23 227 26 227
PAINT_LINE 25 343 25 346
PAINT_LINE 25 235 25 238
PAINT_LINE 25 207 25 210
PAINT_LINE 21 664 24 664
PAINT_LINE 24 295 24 298
PAINT_LINE 22 636 22 639
PAINT_LINE 22 629 22 632
PAINT_LINE 19 356 22 356
PAINT_LINE 19 176 22 176
PAINT_LINE 22 133 22 136
PAINT_LINE 21 246 21 249
PAINT_LINE 21 122 21 125
PAINT_LINE 17 330 20 330
PAINT_LINE 17 317 20 317
PAINT_LINE 17 288 20 288
PAINT_LINE 17 265 20 265
PAINT_LINE 17 109 20 109
PAINT_LINE 19 108 19 111
PAINT_LINE 15 266 18 266
PAINT_LINE 18 108 18 111
PAINT_LINE 18 78 18 81
PAINT_LINE 17 256 17 259
PAINT_LINE 12 270 15 270
PAINT_LINE 15 216 15 219
PAINT_LINE 15 74 15 77
PAINT_LINE 15 69 15 72
PAINT_LINE 10 454 13 454
PAINT_LINE 13 125 13 128
PAINT_LINE 9 643 12 643
PAINT_LINE 9 487 12 487
PAINT_LINE 12 419 12 422
PAINT_LINE 12 350 12 353
PAINT_LINE 8 580 11 580
PAINT_LINE 8 579 11 579
PAINT_LINE 8 578 11 578
PAINT_LINE 11 485 11 488
PAINT_LINE 9 643 9 646
PAINT_LINE 8 206 8 209
PAINT_LINE 4 669 7 669
PAINT_LINE 4 454 7 454
PAINT_LINE 3 793 6 793
PAINT_LINE 3 792 6 792
PAINT_LINE 3 786 6 786
PAINT_LINE 3 579 6 579
PAINT_LINE 3 578 6 578
PAINT_LINE 3 548 6 548
PAINT_LINE 3 547 6 547
PAINT_LINE 3 518 6 518
PAINT_LINE 3 517 6 517
PAINT_LINE 6 452 6 455
PAINT_LINE 6 416 6 419
PAINT_LINE 5 41 5 44
PAINT_LINE 0 519 3 519
PAINT_LINE 3 409 3 412
PAINT_LINE 2 417 2 420
PAINT_LINE 1 519 1 522
PAINT_LINE 155 662 157 662
PAINT_LINE 155 654 157 654
PAINT_LINE 157 557 157 559
PAINT_LINE 157 507 157 509
PAINT_LINE 154 712 156 712
PAINT_LINE 154 575 156 575
PAINT_LINE 156 556 156 558
PAINT_LINE 156 127 156 129
PAINT_LINE 153 617 155 617
PAINT_LINE 153 616 155 616
PAINT_LINE 153 583 155 583
PAINT_LINE 153 582 155 582
PAINT_LINE 153 581 155 581
PAINT_LINE 155 127 155 129
PAINT_LINE 152 652 154 652
PAINT_LINE 154 629 154 631
PAINT_LINE 152 548 154 548
PAINT_LINE 152 547 154 547
PAINT_LINE 153 663 153 665
PAINT_LINE 151 653 153 653
PAINT_LINE 150 557 152 557
PAINT_LINE 150 205 152 205
PAINT_LINE 152 120 152 122
PAINT_LINE 152 116 152 118
PAINT_LINE 151 666 151 668
PAINT_LINE 149 634 151 634
PAINT_LINE 149 633 151 633
PAINT_LINE 151 544 151 546
PAINT_LINE 148 488 148 490
PAINT_LINE 148 175 148 177
PAINT_LINE 146 172 148 172
PAINT_LINE 146 171 148 171
PAINT_LINE 145 652 147 652
PAINT_LINE 147 611 147 613
PAINT_LINE 147 488 147 490
PAINT_LINE 147 382 147 384
PAINT_LINE 147 127 147 129
PAINT_LINE 144 651 146 651
PAINT_LINE 144 650 146 650
PAINT_LINE 144 560 146 560
PAINT_LINE 146 539 146 541
PAINT_LINE 145 154 145 156
PAINT_LINE 142 613 144 613
PAINT_LINE 144 183 144 185
PAINT_LINE 143 676 143 678
PAINT_LINE 143 612 143 614
PAINT_LINE 141 228 143 228
PAINT_LINE 141 227 143 227
PAINT_LINE 141 209 143 209
PAINT_LINE 142 542 142 544
PAINT_LINE 140 376 142 376
PAINT_LINE 142 364 142 366
PAINT_LINE 141 609 141 611
PAINT_LINE 140 608 140 610
PAINT_LINE 139 608 139 610
PAINT_LINE 136 767 138 767
PAINT_LINE 138 654 138 656
PAINT_LINE 138 649 138 651
PAINT_LINE 138 569 138 571
PAINT_LINE 138 490 138 492
PAINT_LINE 135 768 137 768
PAINT_LINE 137 567 137 569
PAINT_LINE 134 769 136 769
PAINT_LINE 134 117 136 117
PAINT_LINE 133 770 135 770
PAINT_LINE 133 118 135 118
PAINT_LINE 133 360 133 362
PAINT_LINE 132 677 132 679
PAINT_LINE 131 657 131 659
PAINT_LINE 131 71 131 73
PAINT_LINE 131 65 131 67
PAINT_LINE 128 791 130 791
PAINT_LINE 128 790 130 790
PAINT_LINE 130 657 130 659
PAINT_LINE 129 665 129 667
PAINT_LINE 129 625 129 627
PAINT_LINE 128 615 128 617
PAINT_LINE 128 610 128 612
PAINT_LINE 127 654 127 656
PAINT_LINE 127 506 127 508
PAINT_LINE 126 640 126 642
PAINT_LINE 126 629 126 631
PAINT_LINE 124 99 126 99
PAINT_LINE 125 628 125 630
PAINT_LINE 125 606 125 608
PAINT_LINE 125 84 125 86
PAINT_LINE 124 665 124 667
PAINT_LINE 124 627 124 629
PAINT_LINE 124 607 124 609
PAINT_LINE 122 223 124 223
PAINT_LINE 122 87 124 87
PAINT_LINE 121 652 123 652
PAINT_LINE 123 626 123 628
PAINT_LINE 121 611 123 611
PAINT_LINE 120 612 122 612
PAINT_LINE 121 797 121 799
PAINT_LINE 119 625 121 625
PAINT_LINE 119 490 121 490
PAINT_LINE 121 238 121 240
PAINT_LINE 120 655 120 657
PAINT_LINE 120 105 120 107
PAINT_LINE 119 661 119 663
PAINT_LINE 117 418 119 418
PAINT_LINE 117 417 119 417
PAINT_LINE 118 663 118 665
PAINT_LINE 118 384 118 386
PAINT_LINE 118 201 118 203
PAINT_LINE 115 87 117 87
PAINT_LINE 114 372 116 372
PAINT_LINE 114 86 116 86
PAINT_LINE 113 320 115 320
PAINT_LINE 113 319 115 319
PAINT_LINE 113 85 115 85
PAINT_LINE 115 71 115 73
PAINT_LINE 114 381 114 383
PAINT_LINE 110 323 112 323
PAINT_LINE 110 41 112 41
PAINT_LINE 111 322 111 324
PAINT_LINE 110 335 110 337
PAINT_LINE 108 39 110 39
PAINT_LINE 107 65 109 65
PAINT_LINE 107 38 109 38
PAINT_LINE 106 119 108 119
PAINT_LINE 105 438 107 438
PAINT_LINE 105 437 107 437
PAINT_LINE 107 429 107 431
PAINT_LINE 105 117 107 117
PAINT_LINE 103 61 105 61
PAINT_LINE 102 329 104 329
PAINT_LINE 101 62 103 62
PAINT_LINE 100 63 102 63
PAINT_LINE 101 411 101 413
PAINT_LINE 98 780 100 780
PAINT_LINE 98 64 100 64
PAINT_LINE 100 6 100 8
PAINT_LINE 99 701 99 703
PAINT_LINE 99 378 99 380
PAINT_LINE 98 690 98 692
PAINT_LINE 98 64 98 66
PAINT_LINE 96 48 98 48
PAINT_LINE 97 691 97 693
PAINT_LINE 97 306 97 308
PAINT_LINE 96 317 96 319
PAINT_LINE 95 288 95 290
PAINT_LINE 92 56 94 56
PAINT_LINE 88 747 90 747
PAINT_LINE 88 460 90 460
PAINT_LINE 87 746 89 746
PAINT_LINE 89 685 89 687
PAINT_LINE 89 670 89 672
PAINT_LINE 89 70 89 72
PAINT_LINE 88 31 88 33
PAINT_LINE 85 701 87 701
PAINT_LINE 83 67 83 69
PAINT_LINE 79 675 81 675
PAINT_LINE 78 83 80 83
PAINT_LINE 79 734 79 736
PAINT_LINE 74 675 76 675
PAINT_LINE 75 729 75 731
PAINT_LINE 74 752 74 754
PAINT_LINE 74 728 74 730
PAINT_LINE 74 674 74 676
PAINT_LINE 74 76 74 78
PAINT_LINE 73 761 73 763
PAINT_LINE 73 751 73 753
PAINT_LINE 72 760 72 762
PAINT_LINE 72 750 72 752
PAINT_LINE 70 744 72 744
PAINT_LINE 70 743 72 743
PAINT_LINE 71 759 71 761
PAINT_LINE 69 749 71 749
PAINT_LINE 71 725 71 727
PAINT_LINE 69 63 71 63
PAINT_LINE 68 758 70 758
PAINT_LINE 68 757 70 757
PAINT_LINE 68 724 70 724
PAINT_LINE 68 675 70 675
PAINT_LINE 68 674 70 674
PAINT_LINE 69 674 69 676
PAINT_LINE 67 662 69 662
PAINT_LINE 67 85 69 85
PAINT_LINE 66 776 68 776
PAINT_LINE 68 729 68 731
PAINT_LINE 68 674 68 676
PAINT_LINE 66 663 68 663
PAINT_LINE 65 733 65 735
PAINT_LINE 63 675 65 675
PAINT_LINE 63 674 65 674
PAINT_LINE 63 674 63 676
PAINT_LINE 60 667 62 667
PAINT_LINE 59 668 61 668
PAINT_LINE 60 766 60 768
PAINT_LINE 58 19 60 19
PAINT_LINE 59 786 59 788
PAINT_LINE 57 780 59 780
PAINT_LINE 57 779 59 779
PAINT_LINE 57 778 59 778
PAINT_LINE 58 785 58 787
PAINT_LINE 56 670 58 670
PAINT_LINE 55 671 57 671
PAINT_LINE 53 674 53 676
PAINT_LINE 51 40 53 40
PAINT_LINE 45 782 45 784
PAINT_LINE 41 781 43 781
PAINT_LINE 43 98 43 100
PAINT_LINE 40 616 42 616
PAINT_LINE 42 98 42 100
PAINT_LINE 42 46 42 48
PAINT_LINE 40 638 40 640
PAINT_LINE 37 64 39 64
PAINT_LINE 39 46 39 48
PAINT_LINE 35 651 35 653
PAINT_LINE 35 80 35 82
PAINT_LINE 34 80 34 82
PAINT_LINE 32 80 32 82
PAINT_LINE 28 40 30 40
PAINT_LINE 30 0 30 2
PAINT_LINE 29 611 29 613
PAINT_LINE 27 220 29 220
PAINT_LINE 26 660 28 660
PAINT_LINE 28 137 28 139
PAINT_LINE 27 642 27 644
PAINT_LINE 26 203 26 205
PAINT_LINE 24 338 24 340
PAINT_LINE 22 243 24 243
PAINT_LINE 24 236 24 238
PAINT_LINE 24 210 24 212
PAINT_LINE 24 180 24 182
PAINT_LINE 23 637 23 639
PAINT_LINE 21 631 23 631
PAINT_LINE 23 335 23 337
PAINT_LINE 23 312 23 314
PAINT_LINE 23 290 23 292
PAINT_LINE 23 237 23 239
PAINT_LINE 21 215 23 215
PAINT_LINE 22 289 22 291
PAINT_LINE 22 261 22 263
PAINT_LINE 20 249 22 249
PAINT_LINE 22 95 22 97
PAINT_LINE 21 262 21 264
PAINT_LINE 19 253 21 253
PAINT_LINE 19 252 21 252
PAINT_LINE 21 175 21 177
PAINT_LINE 19 164 21 164
PAINT_LINE 21 152 21 154
PAINT_LINE 21 75 21 77
PAINT_LINE 21 69 21 71
PAINT_LINE 20 634 20 636
PAINT_LINE 20 121 20 123
PAINT_LINE 18 110 20 110
PAINT_LINE 18 78 20 78
PAINT_LINE 20 68 20 70
PAINT_LINE 17 256 19 256
PAINT_LINE 17 166 19 166
PAINT_LINE 17 140 19 140
PAINT_LINE 17 91 19 91
PAINT_LINE 17 80 19 80
PAINT_LINE 18 661 18 663
PAINT_LINE 18 633 18 635
PAINT_LINE 18 357 18 359
PAINT_LINE 18 255 18 257
PAINT_LINE 16 92 18 92
PAINT_LINE 16 53 18 53
PAINT_LINE 17 746 17 748
PAINT_LINE 15 234 17 234
PAINT_LINE 15 164 17 164
PAINT_LINE 17 120 17 122
PAINT_LINE 17 91 17 93
PAINT_LINE 16 654 16 656
PAINT_LINE 16 649 16 651
PAINT_LINE 16 641 16 643
PAINT_LINE 14 314 16 314
PAINT_LINE 16 217 16 219
PAINT_LINE 14 137 16 137
PAINT_LINE 16 92 16 94
PAINT_LINE 13 269 15 269
PAINT_LINE 13 268 15 268
PAINT_LINE 13 236 15 236
PAINT_LINE 15 94 15 96
PAINT_LINE 14 331 14 333
PAINT_LINE 14 290 14 292
PAINT_LINE 14 262 14 264
PAINT_LINE 12 216 14 216
PAINT_LINE 12 176 14 176
PAINT_LINE 14 123 14 125
PAINT_LINE 13 353 13 355
PAINT_LINE 13 333 13 335
PAINT_LINE 13 310 13 312
PAINT_LINE 11 261 13 261
PAINT_LINE 12 275 12 277
PAINT_LINE 12 270 12 272
PAINT_LINE 12 176 12 178
PAINT_LINE 9 577 11 577
PAINT_LINE 11 453 11 455
PAINT_LINE 11 348 11 350
PAINT_LINE 9 273 11 273
PAINT_LINE 11 177 11 179
PAINT_LINE 8 611 10 611
PAINT_LINE 10 547 10 549
PAINT_LINE 10 486 10 488
PAINT_LINE 10 453 10 455
PAINT_LINE 10 179 10 181
PAINT_LINE 8 48 10 48
PAINT_LINE 9 487 9 489
PAINT_LINE 7 283 9 283
PAINT_LINE 9 208 9 210
PAINT_LINE 9 180 9 182
PAINT_LINE 7 47 9 47
PAINT_LINE 6 46 8 46
PAINT_LINE 7 282 7 284
PAINT_LINE 4 785 6 785
PAINT_LINE 4 611 6 611
PAINT_LINE 4 577 6 577
PAINT_LINE 4 549 6 549
PAINT_LINE 4 516 6 516
PAINT_LINE 4 419 4 421
PAINT_LINE 3 0 3 2
PAINT_LINE 2 787 2 789
PAINT_LINE 0 514 2 514
PAINT_LINE 0 513 2 513
PAINT_LINE 1 557 1 559
PAINT_LINE 1 552 1 554
PAINT_LINE 0 513 0 515
PAINT_LINE 0 453 0 455
PAINT_LINE 156 661 157 661
PAINT_LINE 156 542 157 542
PAINT_LINE 156 491 157 491
PAINT_LINE 155 711 156 711
PAINT_LINE 153 664 154 664
PAINT_LINE 153 651 154 651
PAINT_LINE 152 630 153 630
PAINT_LINE 151 666 152 666
PAINT_LINE 150 632 151 632
PAINT_LINE 149 590 150 590
PAINT_LINE 149 374 150 374
PAINT_LINE 147 648 148 648
PAINT_LINE 148 165 148 166
PAINT_LINE 147 648 147 649
PAINT_LINE 146 640 147 640
PAINT_LINE 146 639 147 639
PAINT_LINE 146 504 147 504
PAINT_LINE 146 176 147 176
PAINT_LINE 146 175 147 175
PAINT_LINE 145 202 146 202
PAINT_LINE 145 201 146 201
PAINT_LINE 144 590 145 590
PAINT_LINE 144 589 145 589
PAINT_LINE 144 538 145 538
PAINT_LINE 144 249 145 249
PAINT_LINE 144 231 145 231
PAINT_LINE 144 131 145 131
PAINT_LINE 144 157 144 158
PAINT_LINE 143 149 144 149
PAINT_LINE 144 131 144 132
PAINT_LINE 143 635 143 636
PAINT_LINE 143 550 143 551
PAINT_LINE 142 197 143 197
PAINT_LINE 141 561 142 561
PAINT_LINE 141 187 142 187
PAINT_LINE 140 573 141 573
PAINT_LINE 140 562 141 562
PAINT_LINE 139 572 140 572
PAINT_LINE 138 571 139 571
PAINT_LINE 138 468 139 468
PAINT_LINE 138 467 139 467
PAINT_LINE 137 490 137 491
PAINT_LINE 136 626 136 627
PAINT_LINE 135 512 136 512
PAINT_LINE 135 116 136 116
PAINT_LINE 134 462 135 462
PAINT_LINE 134 461 135 461
PAINT_LINE 132 84 132 85
PAINT_LINE 131 67 132 67
PAINT_LINE 131 621 131 622
PAINT_LINE 130 367 131 367
PAINT_LINE 129 667 130 667
PAINT_LINE 129 666 130 666
PAINT_LINE 130 406 130 407
PAINT_LINE 128 789 129 789
PAINT_LINE 128 634 129 634
PAINT_LINE 127 679 128 679
PAINT_LINE 127 633 128 633
PAINT_LINE 128 627 128 628
PAINT_LINE 126 680 127 680
PAINT_LINE 126 97 127 97
PAINT_LINE 125 681 126 681
PAINT_LINE 126 82 126 83
PAINT_LINE 125 785 125 786
PAINT_LINE 125 681 125 682
PAINT_LINE 124 787 124 788
PAINT_LINE 122 610 123 610
PAINT_LINE 121 61 122 61
PAINT_LINE 120 624 121 624
PAINT_LINE 119 649 120 649
PAINT_LINE 119 153 120 153
PAINT_LINE 119 152 120 152
PAINT_LINE 119 109 120 109
PAINT_LINE 119 95 120 95
PAINT_LINE 119 84 120 84
PAINT_LINE 118 65 119 65
PAINT_LINE 117 377 118 377
PAINT_LINE 117 219 118 219
PAINT_LINE 115 227 116 227
PAINT_LINE 114 318 115 318
PAINT_LINE 114 376 114 377
PAINT_LINE 111 322 112 322
PAINT_LINE 111 235 112 235
PAINT_LINE 112 57 112 58
PAINT_LINE 111 637 111 638
PAINT_LINE 110 335 111 335
PAINT_LINE 110 217 111 217
PAINT_LINE 109 337 109 338
PAINT_LINE 107 37 108 37
PAINT_LINE 106 66 107 66
PAINT_LINE 105 67 106 67
PAINT_LINE 104 68 105 68
PAINT_LINE 103 308 104 308
PAINT_LINE 102 380 103 380
PAINT_LINE 102 372 103 372
PAINT_LINE 101 697 102 697
PAINT_LINE 102 682 102 683
PAINT_LINE 102 285 102 286
PAINT_LINE 101 238 101 239
PAINT_LINE 98 738 99 738
PAINT_LINE 98 65 99 65
PAINT_LINE 96 67 97 67
PAINT_LINE 95 68 96 68
PAINT_LINE 94 227 95 227
PAINT_LINE 94 675 94 676
PAINT_LINE 93 55 94 55
PAINT_LINE 94 35 94 36
PAINT_LINE 89 675 90 675
PAINT_LINE 89 659 89 660
PAINT_LINE 85 675 86 675
PAINT_LINE 85 70 86 70
PAINT_LINE 85 675 85 676
PAINT_LINE 79 676 80 676
PAINT_LINE 69 85 69 86
PAINT_LINE 67 721 67 722
PAINT_LINE 65 795 66 795
PAINT_LINE 64 726 65 726
PAINT_LINE 63 733 64 733
PAINT_LINE 63 798 63 799
PAINT_LINE 61 748 62 748
PAINT_LINE 58 253 59 253
PAINT_LINE 48 59 49 59
PAINT_LINE 45 23 46 23
PAINT_LINE 45 22 46 22
PAINT_LINE 42 780 43 780
PAINT_LINE 40 33 40 34
PAINT_LINE 37 668 38 668
PAINT_LINE 35 614 36 614
PAINT_LINE 35 613 36 613
PAINT_LINE 33 660 34 660
PAINT_LINE 33 649 33 650
PAINT_LINE 29 39 30 39
PAINT_LINE 30 36 30 37
PAINT_LINE 28 219 29 219
PAINT_LINE 27 659 28 659
PAINT_LINE 27 643 28 643
PAINT_LINE 27 642 28 642
PAINT_LINE 28 226 28 227
PAINT_LINE 26 221 27 221
PAINT_LINE 27 43 27 44
PAINT_LINE 26 633 26 634
PAINT_LINE 26 629 26 630
PAINT_LINE 26 232 26 233
PAINT_LINE 26 221 26 222
PAINT_LINE 26 45 26 46
PAINT_LINE 24 298 25 298
PAINT_LINE 24 297 25 297
PAINT_LINE 24 310 24 311
PAINT_LINE 23 292 24 292
PAINT_LINE 24 258 24 259
PAINT_LINE 24 241 24 242
PAINT_LINE 23 48 24 48
PAINT_LINE 22 354 23 354
PAINT_LINE 22 261 23 261
PAINT_LINE 23 213 23 214
PAINT_LINE 23 102 23 103
PAINT_LINE 22 49 23 49
PAINT_LINE 21 355 22 355
PAINT_LINE 22 333 22 334
PAINT_LINE 22 313 22 314
PAINT_LINE 21 248 22 248
PAINT_LINE 21 246 22 246
PAINT_LINE 21 216 22 216
PAINT_LINE 21 107 22 107
PAINT_LINE 21 50 22 50
PAINT_LINE 20 163 21 163
PAINT_LINE 20 137 21 137
PAINT_LINE 21 93 21 94
PAINT_LINE 19 717 20 717
PAINT_LINE 19 716 20 716
PAINT_LINE 19 712 20 712
PAINT_LINE 20 151 20 152
PAINT_LINE 19 712 19 713
PAINT_LINE 19 258 19 259
PAINT_LINE 18 255 19 255
PAINT_LINE 17 264 18 264
PAINT_LINE 17 263 18 263
PAINT_LINE 18 260 18 261
PAINT_LINE 17 216 18 216
PAINT_LINE 17 174 18 174
PAINT_LINE 17 150 18 150
PAINT_LINE 17 120 18 120
PAINT_LINE 16 233 17 233
PAINT_LINE 16 151 17 151
PAINT_LINE 16 266 16 267
PAINT_LINE 15 163 16 163
PAINT_LINE 16 151 16 152
PAINT_LINE 15 107 16 107
PAINT_LINE 16 77 16 78
PAINT_LINE 15 69 16 69
PAINT_LINE 14 356 15 356
PAINT_LINE 14 313 15 313
PAINT_LINE 14 290 15 290
PAINT_LINE 14 136 15 136
PAINT_LINE 14 106 15 106
PAINT_LINE 13 355 14 355
PAINT_LINE 13 312 14 312
PAINT_LINE 14 98 14 99
PAINT_LINE 13 292 13 293
PAINT_LINE 13 236 13 237
PAINT_LINE 12 51 13 51
PAINT_LINE 12 446 12 447
PAINT_LINE 12 413 12 414
PAINT_LINE 12 294 12 295
PAINT_LINE 12 259 12 260
PAINT_LINE 11 215 12 215
PAINT_LINE 11 214 12 214
PAINT_LINE 11 50 12 50
PAINT_LINE 10 642 11 642
PAINT_LINE 10 548 11 548
PAINT_LINE 10 547 11 547
PAINT_LINE 10 419 11 419
PAINT_LINE 10 418 11 418
PAINT_LINE 11 338 11 339
PAINT_LINE 11 279 11 280
PAINT_LINE 10 274 11 274
PAINT_LINE 11 257 11 258
PAINT_LINE 10 49 11 49
PAINT_LINE 9 282 10 282
PAINT_LINE 10 252 10 253
PAINT_LINE 10 242 10 243
PAINT_LINE 7 666 8 666
PAINT_LINE 8 644 8 645
PAINT_LINE 7 284 8 284
PAINT_LINE 7 185 8 185
PAINT_LINE 7 274 7 275
PAINT_LINE 6 45 7 45
PAINT_LINE 5 44 6 44
PAINT_LINE 4 657 4 658
PAINT_LINE 3 0 4 0
PAINT_LINE 3 487 3 488
PAINT_LINE 0 544 1 544
PAINT_LINE 0 543 1 543
PAINT_LINE 0 437 0 438
PAINT_LINE 157 653 157 653
PAINT_LINE 157 541 157 541
PAINT_LINE 157 103 157 103
PAINT_LINE 156 710 156 710
PAINT_LINE 156 574 156 574
PAINT_LINE 155 632 155 632
PAINT_LINE 155 505 155 505
PAINT_LINE 155 204 155 204
PAINT_LINE 154 650 154 650
PAINT_LINE 153 627 153 627
PAINT_LINE 153 374 153 374
PAINT_LINE 153 204 153 204
PAINT_LINE 152 665 152 665
PAINT_LINE 150 177 150 177
PAINT_LINE 148 376 148 376
PAINT_LINE 148 169 148 169
PAINT_LINE 147 562 147 562
PAINT_LINE 147 203 147 203
PAINT_LINE 146 187 146 187
PAINT_LINE 145 610 145 610
PAINT_LINE 145 248 145 248
PAINT_LINE 145 130 145 130
PAINT_LINE 144 92 144 92
PAINT_LINE 142 546 142 546
PAINT_LINE 142 186 142 186
PAINT_LINE 142 70 142 70
PAINT_LINE 140 100 140 100
PAINT_LINE 139 692 139 692
PAINT_LINE 139 689 139 689
PAINT_LINE 139 203 139 203
PAINT_LINE 138 403 138 403
PAINT_LINE 138 362 138 362
PAINT_LINE 137 607 137 607
PAINT_LINE 132 607 132 607
PAINT_LINE 130 506 130 506
PAINT_LINE 129 683 129 683
PAINT_LINE 129 251 129 251
PAINT_LINE 128 678 128 678
PAINT_LINE 127 632 127 632
PAINT_LINE 127 96 127 96
PAINT_LINE 126 660 126 660
PAINT_LINE 125 250 125 250
PAINT_LINE 124 86 124 86
PAINT_LINE 123 609 123 609
PAINT_LINE 122 66 122 66
PAINT_LINE 121 249 121 249
PAINT_LINE 121 220 121 220
PAINT_LINE 120 82 120 82
PAINT_LINE 119 648 119 648
PAINT_LINE 116 498 116 498
PAINT_LINE 115 247 115 247
PAINT_LINE 107 36 107 36
PAINT_LINE 102 48 102 48
PAINT_LINE 99 737 99 737
PAINT_LINE 99 339 99 339
PAINT_LINE 98 312 98 312
PAINT_LINE 97 66 97 66
PAINT_LINE 96 329 96 329
PAINT_LINE 94 54 94 54
PAINT_LINE 93 82 93 82
PAINT_LINE 90 459 90 459
PAINT_LINE 89 674 89 674
PAINT_LINE 88 70 88 70
PAINT_LINE 87 464 87 464
PAINT_LINE 77 663 77 663
PAINT_LINE 70 673 70 673
PAINT_LINE 67 84 67 84
PAINT_LINE 60 785 60 785
PAINT_LINE 59 757 59 757
PAINT_LINE 52 675 52 675
PAINT_LINE 49 58 49 58
PAINT_LINE 48 102 48 102
PAINT_LINE 38 667 38 667
PAINT_LINE 33 542 33 542
PAINT_LINE 30 640 30 640
PAINT_LINE 29 225 29 225
PAINT_LINE 29 0 29 0
PAINT_LINE 28 658 28 658
PAINT_LINE 28 229 28 229
PAINT_LINE 26 644 26 644
PAINT_LINE 25 635 25 635
PAINT_LINE 25 301 25 301
PAINT_LINE 25 47 25 47
PAINT_LINE 24 667 24 667
PAINT_LINE 23 353 23 353
PAINT_LINE 23 260 23 260
PAINT_LINE 22 242 22 242
PAINT_LINE 22 106 22 106
PAINT_LINE 21 162 21 162
PAINT_LINE 21 136 21 136
PAINT_LINE 20 264 20 264
PAINT_LINE 20 92 20 92
PAINT_LINE 20 77 20 77
PAINT_LINE 17 663 17 663
PAINT_LINE 16 259 16 259
PAINT_LINE 14 159 14 159
PAINT_LINE 12 336 12 336
PAINT_LINE 12 238 12 238
PAINT_LINE 11 300 11 300
PAINT_LINE 11 297 11 297
PAINT_LINE 10 281 10 281
PAINT_LINE 9 212 9 212
PAINT_LINE 8 184 8 184
PAINT_LINE 8 182 8 182
PAINT_LINE 7 608 7 608
PAINT_LINE 4 654 4 654
PAINT_LINE 4 651 4 651
PAINT_LINE 4 636 4 636
PAINT_LINE 4 544 4 544
PAINT_LINE 3 666 3 666
PAINT_LINE 2 411 2 411